/BATCH  
/COM,ANSYS RELEASE 2022 R2           BUILD 22.2      UP20220516       16:19:31
/input,menust,tmp,''
/GRA,POWER
/GST,ON
/PLO,INFO,3
/GRO,CURL,ON
/CPLANE,1   
/REPLOT,RESIZE  
WPSTYLE,,,,,,,,0
finish  
/clear  
/COM,ANSYS RELEASE 2022 R2           BUILD 22.2      UP20220516       16:19:39
/input,start,ans,'D:\ANSYS 2022 R2\ANSYS Student\v222\ANSYS\apdl\'  
/prep7  
*set,g,9.806
acel,,,g  !重力加速度，设为Z方向, m/s^2   
/input,defElementType,mac,,,0      !1. 定义单元类型   
/input,defMaterial,mac,,,0         !2. 定义材料属性   
/input,defSection,mac,,,0     !3. 定义截面数据
/input,defReal,mac,,,0       !4. 定义实常数
/input,defKeyPoint,mac,,,0     !5. 定义关键点  
/input,defLine,mac,,,0      !6. 定义线   
/input,defLineAttribution,mac,,,0           !7. 定义Line的属性 
/input,defLineMesh,mac,,0                   !8. 划分单元
/input,defConstraint,mac,,,0    !9. 定义约束
/input,defLoad,mac,,,0      !10. 定义荷载   
/input,defCoupling,mac,,,0                  !11. 定义耦合   
save,NonHanger,db   
finish  
! 分析与求解选项设置   
/input,defSolve,mac,,,0                     !12. 求解选项设置与求解
/COM,ANSYS RELEASE 2022 R2           BUILD 22.2      UP20220516       16:19:43
/VIEW,1,1,1,1   
/ANG,1  
/REP,FAST   
/USER,  1   
/VIEW,  1, -0.127313321188E-01, -0.645160407893    ,  0.763941071856
/ANG,   1,  -10.1169919480  
/REPLO  
/VIEW,  1,  0.314914448459    , -0.587954937742    ,  0.745075755435
/ANG,   1,  -26.1700388012  
/REPLO  
/VIEW,  1,  0.133277162728    , -0.577705440216    ,  0.805291017111
/ANG,   1,  -17.9805400463  
/REPLO  
/VIEW,  1,  0.377514352585    , -0.819334410624    ,  0.431478895382
/ANG,   1,  -43.2655703021  
/REPLO  
/VIEW,  1, -0.171056991190    , -0.924154595212    ,  0.341581307909
/ANG,   1,   17.4438978629  
/REPLO  
/POST1  
SET,LAST
! /post,1   
resume,NonHanger,db 
/COM,ANSYS RELEASE 2022 R2           BUILD 22.2      UP20220516       16:20:26
set,1,last  
! 画图
! 单元坐标系y方向的弯矩   
etable,Myi,smisc,2  
etable,Myj,smisc,15 
plls,Myi,Myj
/DIST, 1 ,0.924021,1
/REP,FAST   
/DIST, 1 ,0.924021,1
/REP,FAST   
/DIST, 1 ,0.924021,1
/REP,FAST   
/DIST, 1 ,0.924021,1
/REP,FAST   
/USER,  1   
/VIEW,  1, -0.376508112150E-01, -0.458269061776    ,  0.888015699993
/ANG,   1,   1.06533508511  
/REPLO  
/VIEW,  1, -0.687182750485E-01, -0.543500035822    ,  0.836591602717
/ANG,   1,   2.22463622324  
/REPLO  
/VIEW,  1, -0.496007139900E-01, -0.749462871911    ,  0.660185710840
/ANG,   1,   2.15165792739  
/REPLO  
/VIEW,  1, -0.192219662519    , -0.890770787889    ,  0.411799714405
/ANG,   1,   20.0468862521  
/REPLO  
/VIEW,  1,  0.253851982661    , -0.914344957376    ,  0.315487669838
/ANG,   1,  -38.7382185063  
/REPLO  
/VIEW,  1,  0.170461434842    , -0.920165732316    ,  0.352474005146
/ANG,   1,  -26.8049026440  
/REPLO  
/DIST, 1 ,0.924021,1
/REP,FAST   
/DIST, 1 ,0.924021,1
/REP,FAST   
/DIST, 1 ,0.924021,1
/REP,FAST   
/DIST, 1 ,0.924021,1
/REP,FAST   
/DIST, 1 ,0.924021,1
/REP,FAST   
/DIST, 1 ,0.924021,1
/REP,FAST   
/DIST, 1 ,0.924021,1
/REP,FAST   
/DIST, 1 ,0.924021,1
/REP,FAST   
/DIST, 1 ,0.924021,1
/REP,FAST   
/DIST, 1 ,1.082226,1
/REP,FAST   
/DIST, 1 ,1.082226,1
/REP,FAST   
/DIST, 1 ,1.082226,1
/REP,FAST   
/DIST, 1 ,1.082226,1
/REP,FAST   
/DIST, 1 ,1.082226,1
/REP,FAST   
/DIST, 1 ,1.082226,1
/REP,FAST   
/DIST, 1 ,1.082226,1
/REP,FAST   
/DIST, 1 ,1.082226,1
/REP,FAST   
/DIST, 1 ,1.082226,1
/REP,FAST   
/post1  
resume,NonHanger,db 
/COM,ANSYS RELEASE 2022 R2           BUILD 22.2      UP20220516       16:21:17
set,1,last  
! 画图
! 单元坐标系y方向的弯矩   
etable,Myi,smisc,2  
etable,Myj,smisc,15 
plls,Myi,Myj
FINISH  
! /EXIT,NOSAV   
/BATCH  
/COM,ANSYS RELEASE 2022 R2           BUILD 22.2      UP20220516       17:03:28
/input,menust,tmp,''
/GRA,POWER
/GST,ON
/PLO,INFO,3
/GRO,CURL,ON
/CPLANE,1   
/REPLOT,RESIZE  
WPSTYLE,,,,,,,,0
FINISH  
! /EXIT,NOSAV   
