
 Ansys Mechanical Enterprise                       


 *------------------------------------------------------------------*
 |                                                                  |
 |   W E L C O M E   T O   T H E   A N S Y S (R)  P R O G R A M     |
 |                                                                  |
 *------------------------------------------------------------------*




 ***************************************************************
 *         ANSYS MAPDL 2023 R2          LEGAL NOTICES          *
 ***************************************************************
 *                                                             *
 * Copyright 1971-2023 Ansys, Inc.  All rights reserved.       *
 * Unauthorized use, distribution or duplication is            *
 * prohibited.                                                 *
 *                                                             *
 * Ansys is a registered trademark of Ansys, Inc. or its       *
 * subsidiaries in the United States or other countries.       *
 * See the Ansys, Inc. online documentation or the Ansys, Inc. *
 * documentation CD or online help for the complete Legal      *
 * Notice.                                                     *
 *                                                             *
 ***************************************************************
 *                                                             *
 * THIS ANSYS SOFTWARE PRODUCT AND PROGRAM DOCUMENTATION       *
 * INCLUDE TRADE SECRETS AND CONFIDENTIAL AND PROPRIETARY      *
 * PRODUCTS OF ANSYS, INC., ITS SUBSIDIARIES, OR LICENSORS.    *
 * The software products and documentation are furnished by    *
 * Ansys, Inc. or its subsidiaries under a software license    *
 * agreement that contains provisions concerning               *
 * non-disclosure, copying, length and nature of use,          *
 * compliance with exporting laws, warranties, disclaimers,    *
 * limitations of liability, and remedies, and other           *
 * provisions.  The software products and documentation may be *
 * used, disclosed, transferred, or copied only in accordance  *
 * with the terms and conditions of that software license      *
 * agreement.                                                  *
 *                                                             *
 * Ansys, Inc. is a UL registered                              *
 * ISO 9001:2015 company.                                      *
 *                                                             *
 ***************************************************************
 *                                                             *
 * This product is subject to U.S. laws governing export and   *
 * re-export.                                                  *
 *                                                             *
 * For U.S. Government users, except as specifically granted   *
 * by the Ansys, Inc. software license agreement, the use,     *
 * duplication, or disclosure by the United States Government  *
 * is subject to restrictions stated in the Ansys, Inc.        *
 * software license agreement and FAR 12.212 (for non-DOD      *
 * licenses).                                                  *
 *                                                             *
 ***************************************************************

 2023 R2 
     
 Point Releases and Patches installed:   
     
 Discovery 2023 R2   
 Autodyn 2023 R2 
 SpaceClaim 2023 R2  
 CFX (includes CFD-Post) 2023 R2 
 Chemkin 2023 R2 
 EnSight 2023 R2 
 FENSAP-ICE 2023 R2  
 Fluent (includes CFD-Post) 2023 R2  
 Polyflow (includes CFD-Post) 2023 R2
 Forte (includes EnSight) 2023 R2
 TurboGrid 2023 R2   
 Motion 2023 R2  
 Aqwa 2023 R2
 Speos 2023 R2   
 Mechanical Products 2023 R2 
 Material Calibration App 2023 R2
 ACIS Geometry Interface 2023 R2 
 AutoCAD Geometry Interface 2023 R2  
 Catia, Version 4 Geometry Interface 2023 R2 
 Catia, Version 5 Geometry Interface 2023 R2 
 Catia, Version 6 Geometry Interface 2023 R2 
 Creo Elements/Direct Modeling Geometry Interface 2023 R2
 Creo Parametric Geometry Interface 2023 R2  
 Inventor Geometry Interface 2023 R2 
 JTOpen Geometry Interface 2023 R2   
 NX Geometry Interface 2023 R2   
 Parasolid Geometry Interface  2023 R2   
 Solid Edge Geometry Interface 2023 R2   
 SOLIDWORKS Geometry Interface 2023 R2   
 Academic Student 2023 R2


          *****  MAPDL COMMAND LINE ARGUMENTS  *****
  INITIAL JOBNAME              = OnlyCable                                                                                                                                                                                                                                               
  DISTRIBUTED MEMORY PARALLEL REQUESTED
       4 PARALLEL PROCESSES REQUESTED WITH SINGLE THREAD PER PROCESS
    TOTAL OF     4 CORES REQUESTED
  MPI OPTION                   = INTELMPI
  START-UP FILE MODE           = NOREAD
  STOP FILE MODE               = NOREAD
  GRAPHICS DEVICE REQUESTED    = win32   
  GRAPHICAL ENTRY              = YES   
  LANGUAGE                     = en-us               
  INITIAL DIRECTORY = C:\Users\11440\Desktop\usage\Susp V.4\CableSSB-zh\Output Files

 RELEASE= 2023 R2              BUILD= 23.2      UP20230531   VERSION=WINDOWS x64 
 CURRENT JOBNAME=OnlyCable1  17:19:57  MAR 04, 2024 CP=      0.000


 CLEAR DATABASE AND RERUN START.ANS

 Ansys Mechanical Enterprise                       

 *****  MAPDL SOLUTION ROUTINE  *****
 MAXIMUM NUMBER OF EQUILIBRIUM ITERATIONS HAS BEEN MODIFIED              
  TO BE, NEQIT = 22, BY SOLUTION CONTROL LOGIC.                          



  *** MASS SUMMARY BY ELEMENT TYPE ***

  TYPE      MASS
     9   143197.    
 AN AVERAGE OF THE X-, Y-, AND Z-DIRECTION MASS TERMS ARE USED
     FORCE CONVERGENCE VALUE  =  0.3551E+08  CRITERION=  0.1776E+06

  Process memory allocated for solver              =     0.300 MB
  Process memory required for in-core solution     =     0.287 MB
  Process memory required for out-of-core solution =     0.287 MB

 *** NOTE ***                            CP =       0.125   TIME= 17:20:03
 The Distributed Sparse Matrix Solver is currently running in the        
 in-core memory mode.  This memory mode uses the most amount of memory   
 in order to avoid using the hard drive as much as possible, which most  
 often results in the fastest solution time.  This mode is recommended   
 if enough physical memory is present to accommodate all of the solver   
 data.                                                                   
     DISP CONVERGENCE VALUE   =   6.893      CRITERION=  0.3446    
    EQUIL ITER   1 COMPLETED.  NEW TRIANG MATRIX.  MAX DOF INC=   6.893    
     FORCE CONVERGENCE VALUE  =  0.1056E+08  CRITERION=  0.2348E+06
     DISP CONVERGENCE VALUE   =   1.301      CRITERION=  0.3773    
    EQUIL ITER   2 COMPLETED.  NEW TRIANG MATRIX.  MAX DOF INC=   1.301    
     FORCE CONVERGENCE VALUE  =  0.2061E+08  CRITERION=  0.1451E+06
     DISP CONVERGENCE VALUE   =  0.4280      CRITERION=  0.3872    
    EQUIL ITER   3 COMPLETED.  NEW TRIANG MATRIX.  MAX DOF INC=  0.4280    
     FORCE CONVERGENCE VALUE  =  0.3694E+07  CRITERION=  0.1430E+06
     DISP CONVERGENCE VALUE   =  0.9181E-02  CRITERION=  0.3875     <<< CONVERGED
    EQUIL ITER   4 COMPLETED.  NEW TRIANG MATRIX.  MAX DOF INC=  0.9181E-02
     FORCE CONVERGENCE VALUE  =   252.4      CRITERION=  0.1427E+06 <<< CONVERGED
    >>> SOLUTION CONVERGED AFTER EQUILIBRIUM ITERATION   4

   *** ELEMENT RESULT CALCULATION TIMES
     TYPE    NUMBER   ENAME      TOTAL CP  AVE CP

        9        92  LINK10        0.000   0.000000

   *** NODAL LOAD CALCULATION TIMES
     TYPE    NUMBER   ENAME      TOTAL CP  AVE CP

        9        92  LINK10        0.000   0.000000
 *** LOAD STEP     1   SUBSTEP     1  COMPLETED.    CUM ITER =      4
 *** TIME =  0.100000         TIME INC =  0.100000    
 *** AUTO STEP TIME:  NEXT TIME INC = 0.10000      UNCHANGED

     FORCE CONVERGENCE VALUE  =  0.7013E+07  CRITERION=  0.3506E+05
     DISP CONVERGENCE VALUE   =  0.2238E+06  CRITERION=  0.1119E+05
    EQUIL ITER   1 COMPLETED.  NEW TRIANG MATRIX.  MAX DOF INC= -0.2238E+06
     FORCE CONVERGENCE VALUE  =  0.9708E+13  CRITERION=  0.1191E+12
     DISP CONVERGENCE VALUE   =  0.2236E+06  CRITERION=  0.1119E+05
    EQUIL ITER   2 COMPLETED.  NEW TRIANG MATRIX.  MAX DOF INC=  0.2236E+06
     FORCE CONVERGENCE VALUE  =  0.5156E+13  CRITERION=  0.1260E+06
     DISP CONVERGENCE VALUE   =   1271.      CRITERION=  0.1119E+05 <<< CONVERGED
    EQUIL ITER   3 COMPLETED.  NEW TRIANG MATRIX.  MAX DOF INC=   1271.    
     FORCE CONVERGENCE VALUE  =  0.5644E+13  CRITERION=  0.1574E+06
     DISP CONVERGENCE VALUE   =   1263.      CRITERION=  0.1119E+05 <<< CONVERGED
    EQUIL ITER   4 COMPLETED.  NEW TRIANG MATRIX.  MAX DOF INC=   1263.    
     FORCE CONVERGENCE VALUE  =  0.3933E+11  CRITERION=  0.1621E+08
     DISP CONVERGENCE VALUE   =   3309.      CRITERION=  0.1119E+05 <<< CONVERGED
    EQUIL ITER   5 COMPLETED.  NEW TRIANG MATRIX.  MAX DOF INC=  -3309.    
     FORCE CONVERGENCE VALUE  =  0.4265E+13  CRITERION=  0.1889E+08
     DISP CONVERGENCE VALUE   =   3300.      CRITERION=  0.1119E+05 <<< CONVERGED
    EQUIL ITER   6 COMPLETED.  NEW TRIANG MATRIX.  MAX DOF INC=   3300.    
     FORCE CONVERGENCE VALUE  =  0.1022E+13  CRITERION=  0.1237E+07
     DISP CONVERGENCE VALUE   =   1684.      CRITERION=  0.1119E+05 <<< CONVERGED
    EQUIL ITER   7 COMPLETED.  NEW TRIANG MATRIX.  MAX DOF INC=  -1684.    
     FORCE CONVERGENCE VALUE  =  0.3686E+13  CRITERION=  0.3946E+06
     DISP CONVERGENCE VALUE   =   941.3      CRITERION=  0.1119E+05 <<< CONVERGED
    EQUIL ITER   8 COMPLETED.  NEW TRIANG MATRIX.  MAX DOF INC=   941.3    
     FORCE CONVERGENCE VALUE  =  0.5833E+13  CRITERION=  0.1700E+06
    >>> SOLUTION PATTERNS SHOW DIVERGENCE AT ITERATION =   9
 *** LOAD STEP     1   SUBSTEP     2  NOT COMPLETED.  CUM ITER =     13
 *** BEGIN BISECTION NUMBER   1    NEW TIME INCREMENT=  0.45000E-01

     FORCE CONVERGENCE VALUE  =  0.5084E+07  CRITERION=  0.2542E+05
     DISP CONVERGENCE VALUE   =  0.1623E+06  CRITERION=   8113.    
    EQUIL ITER   1 COMPLETED.  NEW TRIANG MATRIX.  MAX DOF INC= -0.1623E+06
     FORCE CONVERGENCE VALUE  =  0.5447E+13  CRITERION=  0.8633E+11
     DISP CONVERGENCE VALUE   =  0.1620E+06  CRITERION=   8113.    
    EQUIL ITER   2 COMPLETED.  NEW TRIANG MATRIX.  MAX DOF INC=  0.1620E+06
     FORCE CONVERGENCE VALUE  =  0.1580E+13  CRITERION=  0.9071E+05
     DISP CONVERGENCE VALUE   =   715.4      CRITERION=   8113.     <<< CONVERGED
    EQUIL ITER   3 COMPLETED.  NEW TRIANG MATRIX.  MAX DOF INC=   715.4    
     FORCE CONVERGENCE VALUE  =  0.1223E+13  CRITERION=  0.1694E+06
     DISP CONVERGENCE VALUE   =   394.0      CRITERION=   8113.     <<< CONVERGED
    EQUIL ITER   4 COMPLETED.  NEW TRIANG MATRIX.  MAX DOF INC=  -394.0    
     FORCE CONVERGENCE VALUE  =  0.4037E+12  CRITERION=  0.6908E+07
     DISP CONVERGENCE VALUE   =   9863.      CRITERION=   8113.    
    EQUIL ITER   5 COMPLETED.  NEW TRIANG MATRIX.  MAX DOF INC=  -9863.    
     FORCE CONVERGENCE VALUE  =  0.8317E+13  CRITERION=  0.2149E+09
    >>> SOLUTION PATTERNS SHOW DIVERGENCE AT ITERATION =   6
 *** LOAD STEP     1   SUBSTEP     2  NOT COMPLETED.  CUM ITER =     18
 *** BEGIN BISECTION NUMBER   2    NEW TIME INCREMENT=  0.20250E-01

     FORCE CONVERGENCE VALUE  =  0.4216E+07  CRITERION=  0.2108E+05
     DISP CONVERGENCE VALUE   =  0.1346E+06  CRITERION=   6728.    
    EQUIL ITER   1 COMPLETED.  NEW TRIANG MATRIX.  MAX DOF INC= -0.1346E+06
     FORCE CONVERGENCE VALUE  =  0.4515E+13  CRITERION=  0.7158E+11
     DISP CONVERGENCE VALUE   =  0.1343E+06  CRITERION=   6728.    
    EQUIL ITER   2 COMPLETED.  NEW TRIANG MATRIX.  MAX DOF INC=  0.1343E+06
     FORCE CONVERGENCE VALUE  =  0.1357E+13  CRITERION=  0.7523E+05
     DISP CONVERGENCE VALUE   =   591.2      CRITERION=   6728.     <<< CONVERGED
    EQUIL ITER   3 COMPLETED.  NEW TRIANG MATRIX.  MAX DOF INC=   591.2    
     FORCE CONVERGENCE VALUE  =  0.1205E+13  CRITERION=  0.1835E+06
     DISP CONVERGENCE VALUE   =   390.3      CRITERION=   6728.     <<< CONVERGED
    EQUIL ITER   4 COMPLETED.  NEW TRIANG MATRIX.  MAX DOF INC=  -390.3    
     FORCE CONVERGENCE VALUE  =  0.3873E+12  CRITERION=  0.7113E+07
     DISP CONVERGENCE VALUE   =   6488.      CRITERION=   6728.     <<< CONVERGED
    EQUIL ITER   5 COMPLETED.  NEW TRIANG MATRIX.  MAX DOF INC=  -6488.    
     FORCE CONVERGENCE VALUE  =  0.6103E+13  CRITERION=  0.3939E+08
    >>> SOLUTION PATTERNS SHOW DIVERGENCE AT ITERATION =   6
 *** LOAD STEP     1   SUBSTEP     2  NOT COMPLETED.  CUM ITER =     23
 *** BEGIN BISECTION NUMBER   3    NEW TIME INCREMENT=  0.91125E-02

     FORCE CONVERGENCE VALUE  =  0.3195E+06  CRITERION=  0.1429E+06
     DISP CONVERGENCE VALUE   =  0.8075E-01  CRITERION=  0.3875     <<< CONVERGED
    EQUIL ITER   1 COMPLETED.  NEW TRIANG MATRIX.  MAX DOF INC= -0.8075E-01
     FORCE CONVERGENCE VALUE  =   406.7      CRITERION=  0.1556E+06 <<< CONVERGED
    >>> SOLUTION CONVERGED AFTER EQUILIBRIUM ITERATION   1
 *** LOAD STEP     1   SUBSTEP     2  COMPLETED.    CUM ITER =     23
 *** TIME =  0.109113         TIME INC =  0.911250E-02
 *** AUTO STEP TIME:  NEXT TIME INC = 0.91125E-02  UNCHANGED

     FORCE CONVERGENCE VALUE  =   1584.      CRITERION=  0.1686E+06
     DISP CONVERGENCE VALUE   =  0.2926E-03  CRITERION=  0.3875     <<< CONVERGED
    EQUIL ITER   1 COMPLETED.  NEW TRIANG MATRIX.  MAX DOF INC=  0.2926E-03
     FORCE CONVERGENCE VALUE  =  0.7424      CRITERION=  0.1685E+06 <<< CONVERGED
    >>> SOLUTION CONVERGED AFTER EQUILIBRIUM ITERATION   1
 *** LOAD STEP     1   SUBSTEP     3  COMPLETED.    CUM ITER =     24
 *** TIME =  0.118225         TIME INC =  0.911250E-02
 *** AUTO TIME STEP:  NEXT TIME INC = 0.13669E-01  INCREASED (FACTOR = 1.5000)

     FORCE CONVERGENCE VALUE  =   831.2      CRITERION=  0.1879E+06
     DISP CONVERGENCE VALUE   =  0.1626E-03  CRITERION=  0.3875     <<< CONVERGED
    EQUIL ITER   1 COMPLETED.  NEW TRIANG MATRIX.  MAX DOF INC=  0.1626E-03
     FORCE CONVERGENCE VALUE  =  0.7037E-01  CRITERION=  0.1878E+06 <<< CONVERGED
    >>> SOLUTION CONVERGED AFTER EQUILIBRIUM ITERATION   1
 *** LOAD STEP     1   SUBSTEP     4  COMPLETED.    CUM ITER =     25
 *** TIME =  0.131894         TIME INC =  0.136688E-01
 *** AUTO TIME STEP:  NEXT TIME INC = 0.20503E-01  INCREASED (FACTOR = 1.5000)

     FORCE CONVERGENCE VALUE  =   3240.      CRITERION=  0.2169E+06
     DISP CONVERGENCE VALUE   =  0.6068E-03  CRITERION=  0.3875     <<< CONVERGED
    EQUIL ITER   1 COMPLETED.  NEW TRIANG MATRIX.  MAX DOF INC=  0.6068E-03
     FORCE CONVERGENCE VALUE  =  0.1926      CRITERION=  0.2167E+06 <<< CONVERGED
    >>> SOLUTION CONVERGED AFTER EQUILIBRIUM ITERATION   1
 *** LOAD STEP     1   SUBSTEP     5  COMPLETED.    CUM ITER =     26
 *** TIME =  0.152397         TIME INC =  0.205031E-01
 *** AUTO TIME STEP:  NEXT TIME INC = 0.30755E-01  INCREASED (FACTOR = 1.5000)

     FORCE CONVERGENCE VALUE  =   7236.      CRITERION=  0.2602E+06
     DISP CONVERGENCE VALUE   =  0.1350E-02  CRITERION=  0.3875     <<< CONVERGED
    EQUIL ITER   1 COMPLETED.  NEW TRIANG MATRIX.  MAX DOF INC=  0.1350E-02
     FORCE CONVERGENCE VALUE  =  0.4644      CRITERION=  0.2600E+06 <<< CONVERGED
    >>> SOLUTION CONVERGED AFTER EQUILIBRIUM ITERATION   1
 *** LOAD STEP     1   SUBSTEP     6  COMPLETED.    CUM ITER =     27
 *** TIME =  0.183152         TIME INC =  0.307547E-01
 *** AUTO TIME STEP:  NEXT TIME INC = 0.46132E-01  INCREASED (FACTOR = 1.5000)

     FORCE CONVERGENCE VALUE  =  0.1611E+05  CRITERION=  0.3251E+06
     DISP CONVERGENCE VALUE   =  0.2983E-02  CRITERION=  0.3875     <<< CONVERGED
    EQUIL ITER   1 COMPLETED.  NEW TRIANG MATRIX.  MAX DOF INC=  0.2983E-02
     FORCE CONVERGENCE VALUE  =   1.198      CRITERION=  0.3246E+06 <<< CONVERGED
    >>> SOLUTION CONVERGED AFTER EQUILIBRIUM ITERATION   1
 *** LOAD STEP     1   SUBSTEP     7  COMPLETED.    CUM ITER =     28
 *** TIME =  0.229284         TIME INC =  0.461320E-01
 *** AUTO TIME STEP:  NEXT TIME INC = 0.69198E-01  INCREASED (FACTOR = 1.5000)

     FORCE CONVERGENCE VALUE  =  0.3567E+05  CRITERION=  0.4219E+06
     DISP CONVERGENCE VALUE   =  0.6536E-02  CRITERION=  0.3875     <<< CONVERGED
    EQUIL ITER   1 COMPLETED.  NEW TRIANG MATRIX.  MAX DOF INC=  0.6536E-02
     FORCE CONVERGENCE VALUE  =   3.380      CRITERION=  0.4208E+06 <<< CONVERGED
    >>> SOLUTION CONVERGED AFTER EQUILIBRIUM ITERATION   1
 *** LOAD STEP     1   SUBSTEP     8  COMPLETED.    CUM ITER =     29
 *** TIME =  0.298482         TIME INC =  0.691980E-01
 *** AUTO TIME STEP:  NEXT TIME INC = 0.10380      INCREASED (FACTOR = 1.5000)

     FORCE CONVERGENCE VALUE  =  0.7841E+05  CRITERION=  0.5662E+06
     DISP CONVERGENCE VALUE   =  0.1414E-01  CRITERION=  0.3875     <<< CONVERGED
    EQUIL ITER   1 COMPLETED.  NEW TRIANG MATRIX.  MAX DOF INC=  0.1414E-01
     FORCE CONVERGENCE VALUE  =   11.89      CRITERION=  0.5637E+06 <<< CONVERGED
    >>> SOLUTION CONVERGED AFTER EQUILIBRIUM ITERATION   1
 *** LOAD STEP     1   SUBSTEP     9  COMPLETED.    CUM ITER =     30
 *** TIME =  0.402279         TIME INC =  0.103797    
 *** AUTO TIME STEP:  NEXT TIME INC = 0.15570      INCREASED (FACTOR = 1.5000)

     FORCE CONVERGENCE VALUE  =  0.1705E+06  CRITERION=  0.7803E+06
     DISP CONVERGENCE VALUE   =  0.3008E-01  CRITERION=  0.3875     <<< CONVERGED
    EQUIL ITER   1 COMPLETED.  NEW TRIANG MATRIX.  MAX DOF INC=  0.3008E-01
     FORCE CONVERGENCE VALUE  =   50.94      CRITERION=  0.7750E+06 <<< CONVERGED
    >>> SOLUTION CONVERGED AFTER EQUILIBRIUM ITERATION   1
 *** LOAD STEP     1   SUBSTEP    10  COMPLETED.    CUM ITER =     31
 *** TIME =  0.557974         TIME INC =  0.155696    
 *** AUTO TIME STEP:  NEXT TIME INC = 0.23354      INCREASED (FACTOR = 1.5000)

     FORCE CONVERGENCE VALUE  =  0.3651E+06  CRITERION=  0.1097E+07
     DISP CONVERGENCE VALUE   =  0.6242E-01  CRITERION=  0.3875     <<< CONVERGED
    EQUIL ITER   1 COMPLETED.  NEW TRIANG MATRIX.  MAX DOF INC=  0.6242E-01
     FORCE CONVERGENCE VALUE  =   226.6      CRITERION=  0.1086E+07 <<< CONVERGED
    >>> SOLUTION CONVERGED AFTER EQUILIBRIUM ITERATION   1
 *** LOAD STEP     1   SUBSTEP    11  COMPLETED.    CUM ITER =     32
 *** TIME =  0.791518         TIME INC =  0.233543    
 *** AUTO TIME STEP:  NEXT TIME INC = 0.20848      DECREASED (FACTOR = 0.8927)

     FORCE CONVERGENCE VALUE  =  0.3453E+06  CRITERION=  0.1368E+07
     DISP CONVERGENCE VALUE   =  0.5768E-01  CRITERION=  0.3875     <<< CONVERGED
    EQUIL ITER   1 COMPLETED.  NEW TRIANG MATRIX.  MAX DOF INC=  0.5768E-01
     FORCE CONVERGENCE VALUE  =   206.5      CRITERION=  0.1357E+07 <<< CONVERGED
    >>> SOLUTION CONVERGED AFTER EQUILIBRIUM ITERATION   1
 *** LOAD STEP     1   SUBSTEP    12  COMPLETED.    CUM ITER =     33
 *** TIME =   1.00000         TIME INC =  0.208482    


 *** MAPDL BINARY FILE STATISTICS
  BUFFER SIZE USED= 16384
        0.062 MB WRITTEN ON ELEMENT MATRIX FILE: OnlyCable1.emat
        0.062 MB WRITTEN ON ELEMENT SAVED DATA FILE: OnlyCable1.esav
        0.062 MB WRITTEN ON ASSEMBLED MATRIX FILE: OnlyCable1.full
        0.438 MB WRITTEN ON RESULTS FILE: OnlyCable1.rst

 FINISH SOLUTION PROCESSING


 ***** ROUTINE COMPLETED *****  CP =         0.219




 NUMBER OF WARNING MESSAGES ENCOUNTERED=          0
 NUMBER OF ERROR   MESSAGES ENCOUNTERED=          0


 *-----------------------------------------------------------------------------*
 |                                                                             |
 |                               RUN COMPLETED                                 |
 |                                                                             |
 |-----------------------------------------------------------------------------|
 |                                                                             |
 |  Ansys MAPDL 2023 R2         Build 23.2         UP20230531    WINDOWS x64   |
 |                                                                             |
 |-----------------------------------------------------------------------------|
 |                                                                             |
 |  Database Requested(-db)     1 MB     Scratch Memory Requested       240 MB |
 |  Maximum Database Used       1 MB     Maximum Scratch Memory Used     44 MB |
 |                                                                             |
 |-----------------------------------------------------------------------------|
 |                                                                             |
 |        CP Time      (sec) =          0.297       Time  =  17:51:38          |
 |        Elapsed Time (sec) =       1904.000       Date  =  03/04/2024        |
 |                                                                             |
 *-----------------------------------------------------------------------------*
