/BATCH  
/COM,ANSYS RELEASE 2023 R2           BUILD 23.2      UP20230531       17:19:57
/input,menust,tmp,''
/GRA,POWER
/GST,ON
/PLO,INFO,3
/GRO,CURL,ON
/CPLANE,1   
/REPLOT,RESIZE  
WPSTYLE,,,,,,,,0
main
/COM,ANSYS RELEASE 2023 R2           BUILD 23.2      UP20230531       17:20:02
/POST1  
SET,LAST
*create,datawrite.mac   
allsel  
ETABLE,LSTRAIN,LS,1 
*dim,arr_strain,array,92
*DO,i,1,92  
    *get,arr_strain(i),elem,i,etab,LSTRAIN  
*ENDDO  
*cfopen,ddStrain,txt
*VWRITE,arr_strain(1)   
%20.8e  
*cfclos 
*end
datawrite   
*status,arr_strain  
*status,arr_strain  
allsel  
etable,LSTRAIN,LS,1 
*dim,arr_strain,array,92
*do,i,1,92  
*get,arr_strain(i),elem,i,etab,LSTRAIN  
*enddo  
*status,arr_strain  
*create,datawrite.mac   
allsel  
etable,LSTRAIN,LS,1 
*dim,arr_strain,array,92
*do,i,1,92  
    *get,arr_strain(i),elem,i,etab,LSTRAIN  
*enddo  
*cfopen,ddStrain,txt
*vwrite,arr_strain(1)   
%20.8e  
*cfclos 
datawrite   
*create,datawrite.mac   
allsel  
etable,LSTRAIN,LS,1 
*dim,arr_strain,array,92
*do,i,1,92  
    *get,arr_strain(i),elem,i,etab,LSTRAIN  
*enddo  
*cfopen,ddStrain,txt
*vwrite,arr_strain(1)   
%20.8e  
*cfclos 
*end
datawrite   
*create,datawrite.mac   
allsel  
etable,LSTRAIN,LS,1 
*dim,arr_strain,array,92
*do,i,1,92  
    *get,arr_strain(i),elem,i,etab,LSTRAIN  
*enddo  
*cfopen,ddStrain,txt
*vwrite,arr_strain(1)   
%20.8e  
*cfclos 
*end
datawrite   
*create,datawrite.mac   
allsel  
etable,LSTRAIN,LS,1 
*dim,arr_strain,array,92
*do,i,1,92  
    *get,arr_strain(i),elem,i,etab,LSTRAIN  
*enddo  
*cfopen,ddStrain,mac
*vwrite,arr_strain(1)   
%20.8e  
*cfclos 
*end
datawrite   
allsel  
etable,LSTRAIN,LS,1 
*dim,arr_strain,array,92,1  
*do,i,1,92  
*get,arr_strain(i,1),elem,i,etab,LSTRAIN
*enddo  
*create,datawrite.mac   
*cfopen,ddStrain,mac
*vwrite,arr_strain(1,1) 
%20.8e  
*cfclos 
*end
datawrite   
allsel  
etable,LSTRAIN,LS,1 
*dim,arr_strain,array,92,1  
*do,i,1,92  
*get,arr_strain(i,1),elem,i,etab,LSTRAIN
*enddo  
*create,datawrite.mac   
*cfopen,ddStrain,mac
*vwrite,arr_strain(1,1) 
%20.8e  
*cfclos 
*end
/input,datawrite,mac,,,0
allsel  
etable,LSTRAIN,LS,1 
*dim,arr_strain,array,92
*do,i,1,92  
*get,arr_strain(i),elem,i,etab,LSTRAIN  
*enddo  
*create,datawrite.mac   
*cfopen,Strain,txt  
*vwrite,arr_strain(1)   
%20.8e  
*cfclos 
*end
/input,datawrite,mac,,,0
allsel  
etable,LSTRAIN,LS,1 
*dim,arr_strain,array,92
*do,i,1,92  
*get,arr_strain(i),elem,i,etab,LSTRAIN  
*enddo  
*create,datawrite.mac   
*cfopen,Strain,txt  
*vwrite,arr_strain(1)   
%20.8e  
*cfclos 
*end
/input,datawrite,mac,,,0
allsel  
etable,LSTRAIN,LS,1 
*dim,arr_strain,array,92
*do,i,1,92  
*get,arr_strain(i),elem,i,etab,LSTRAIN  
*enddo  
*create,datawrite.mac   
*cfopen,Strain,txt  
*vwrite,arr_strain(1)   
%20.8e  
*cfclos 
*end
/input,datawrite,mac,,,0
FINISH  
! /EXIT,NOSAV   
