
 Ansys Mechanical Enterprise Academic Student      


 *------------------------------------------------------------------*
 |                                                                  |
 |   W E L C O M E   T O   T H E   A N S Y S (R)  P R O G R A M     |
 |                                                                  |
 *------------------------------------------------------------------*




 ***************************************************************
 *         ANSYS MAPDL 2022 R2          LEGAL NOTICES          *
 ***************************************************************
 *                                                             *
 * Copyright 1971-2022 Ansys, Inc.  All rights reserved.       *
 * Unauthorized use, distribution or duplication is            *
 * prohibited.                                                 *
 *                                                             *
 * Ansys is a registered trademark of Ansys, Inc. or its       *
 * subsidiaries in the United States or other countries.       *
 * See the Ansys, Inc. online documentation or the Ansys, Inc. *
 * documentation CD or online help for the complete Legal      *
 * Notice.                                                     *
 *                                                             *
 ***************************************************************
 *                                                             *
 * THIS ANSYS SOFTWARE PRODUCT AND PROGRAM DOCUMENTATION       *
 * INCLUDE TRADE SECRETS AND CONFIDENTIAL AND PROPRIETARY      *
 * PRODUCTS OF ANSYS, INC., ITS SUBSIDIARIES, OR LICENSORS.    *
 * The software products and documentation are furnished by    *
 * Ansys, Inc. or its subsidiaries under a software license    *
 * agreement that contains provisions concerning               *
 * non-disclosure, copying, length and nature of use,          *
 * compliance with exporting laws, warranties, disclaimers,    *
 * limitations of liability, and remedies, and other           *
 * provisions.  The software products and documentation may be *
 * used, disclosed, transferred, or copied only in accordance  *
 * with the terms and conditions of that software license      *
 * agreement.                                                  *
 *                                                             *
 * Ansys, Inc. is a UL registered                              *
 * ISO 9001:2015 company.                                      *
 *                                                             *
 ***************************************************************
 *                                                             *
 * This product is subject to U.S. laws governing export and   *
 * re-export.                                                  *
 *                                                             *
 * For U.S. Government users, except as specifically granted   *
 * by the Ansys, Inc. software license agreement, the use,     *
 * duplication, or disclosure by the United States Government  *
 * is subject to restrictions stated in the Ansys, Inc.        *
 * software license agreement and FAR 12.212 (for non-DOD      *
 * licenses).                                                  *
 *                                                             *
 ***************************************************************

 2022 R2 
     
 Point Releases and Patches installed:   
     
 Ansys, Inc. Products 2022 R2
 Autodyn 2022 R2 
 SpaceClaim 2022 R2  
 CFX (includes CFD-Post) 2022 R2 
 Chemkin 2022 R2 
 EnSight 2022 R2 
 FENSAP-ICE 2022 R2  
 Fluent (includes CFD-Post) 2022 R2  
 Polyflow (includes CFD-Post) 2022 R2
 Forte (includes EnSight) 2022 R2
 TurboGrid 2022 R2   
 Aqwa 2022 R2
 Mechanical Products 2022 R2 
 ACIS Geometry Interface 2022 R2 
 AutoCAD Geometry Interface 2022 R2  
 Catia, Version 4 Geometry Interface 2022 R2 
 Catia, Version 5 Geometry Interface 2022 R2 
 Catia, Version 6 Geometry Interface 2022 R2 
 Creo Elements/Direct Modeling Geometry Interface 2022 R2
 Creo Parametric Geometry Interface 2022 R2  
 Inventor Geometry Interface 2022 R2 
 JTOpen Geometry Interface 2022 R2   
 NX Geometry Interface 2022 R2   
 Parasolid Geometry Interface  2022 R2   
 Solid Edge Geometry Interface 2022 R2   
 SOLIDWORKS Geometry Interface 2022 R2   
 Academic Student 2022 R2


          *****  MAPDL COMMAND LINE ARGUMENTS  *****
  INITIAL JOBNAME              = Iter_1                                                                                                                                                                                                                                                  
  BATCH MODE REQUESTED (-b)    = LIST
  INPUT FILE COPY MODE (-c)    = COPY
  DISTRIBUTED MEMORY PARALLEL REQUESTED
       4 PARALLEL PROCESSES REQUESTED WITH SINGLE THREAD PER PROCESS
    TOTAL OF     4 CORES REQUESTED
  MPI OPTION                   = INTELMPI
  INPUT FILE NAME              = C:\Users\Huawei\Desktop\Matlab OOP\Susp\Susp V.4\Bridge\@CableStayedSuspension_Bridge\Output Files\findReasonalState\Iter_1\defPostProcessing.mac
  OUTPUT FILE NAME             = C:\Users\Huawei\Desktop\Matlab OOP\Susp\Susp V.4\Bridge\@CableStayedSuspension_Bridge\Output Files\findReasonalState\Iter_1\Output Files\findReasonalState\Iter_1\Iter_1.out
  START-UP FILE MODE           = READ  
  STOP FILE MODE               = READ  
  LANGUAGE                     = en-us               
  DATABASE SIZE REQUESTED (MB) = 1024        
  INITIAL DIRECTORY = C:\Users\Huawei\Desktop\Matlab OOP\Susp\Susp V.4\Bridge\@CableStayedSuspension_Bridge\Output Files\findReasonalState\Iter_1

 RELEASE= 2022 R2              BUILD= 22.2      UP20220516   VERSION=WINDOWS x64 
 CURRENT JOBNAME=Iter_1_0  13:07:26  MAR 16, 2023 CP=      0.297

     1  /post1  
     2  resume,Iter_1,db
     3  set,1,last  
     4      
     5  ! 导出弯曲应变能所需要的参数   
     6  ! Girder_1  
     7  count_num = 460 
     8  *del,ElemNumArray,,NoPr 
     9  *dim,ElemNumArray,array,460 
    10  ElemNumArray(1)=1,2,3,4,5,6,7,8,9,10,11,12,13,14,15,16,17,18,   
    11  ElemNumArray(19)=19,20,21,22,23,24,25,26,27,28,29,30,31,32,33,34,35,36, 
    12  ElemNumArray(37)=37,38,39,40,41,42,43,44,45,46,47,48,49,50,51,52,53,54, 
    13  ElemNumArray(55)=55,56,57,58,59,60,61,62,63,64,65,66,67,68,69,70,71,72, 
    14  ElemNumArray(73)=73,74,75,76,77,78,79,80,81,82,83,84,85,86,87,88,89,90, 
    15  ElemNumArray(91)=91,92,93,94,95,96,97,98,99,100,101,102,103,104,105,106,107,108,
    16  ElemNumArray(109)=109,110,111,112,113,114,115,116,117,118,119,120,121,122,123,124,125,126,  
    17  ElemNumArray(127)=127,128,129,130,131,132,133,134,135,136,137,138,139,140,141,142,143,144,  
    18  ElemNumArray(145)=145,146,147,148,149,150,151,152,153,154,155,156,157,158,159,160,161,162,  
    19  ElemNumArray(163)=163,164,165,166,167,168,169,170,171,172,173,174,175,176,177,178,179,180,  
    20  ElemNumArray(181)=181,182,183,184,185,186,187,188,189,190,191,192,193,194,195,196,197,198,  
    21  ElemNumArray(199)=199,200,201,202,203,204,205,206,207,208,209,210,211,212,213,214,215,216,  
    22  ElemNumArray(217)=217,218,219,220,221,222,223,224,225,226,227,228,229,230,231,232,233,234,  
    23  ElemNumArray(235)=235,236,237,238,239,240,241,242,243,244,245,246,247,248,249,250,251,252,  
    24  ElemNumArray(253)=253,254,255,256,257,258,259,260,261,262,263,264,265,266,267,268,269,270,  
    25  ElemNumArray(271)=271,272,273,274,275,276,277,278,279,280,281,282,283,284,285,286,287,288,  
    26  ElemNumArray(289)=289,290,291,292,293,294,295,296,297,298,299,300,301,302,303,304,305,306,  
    27  ElemNumArray(307)=307,308,309,310,311,312,313,314,315,316,317,318,319,320,321,322,323,324,  
    28  ElemNumArray(325)=325,326,327,328,329,330,331,332,333,334,335,336,337,338,339,340,341,342,  
    29  ElemNumArray(343)=343,344,345,346,347,348,349,350,351,352,353,354,355,356,357,358,359,360,  
    30  ElemNumArray(361)=361,362,363,364,365,366,367,368,369,370,371,372,373,374,375,376,377,378,  
    31  ElemNumArray(379)=379,380,381,382,383,384,385,386,387,388,389,390,391,392,393,394,395,396,  
    32  ElemNumArray(397)=397,398,399,400,401,402,403,404,405,406,407,408,409,410,411,412,413,414,  
    33  ElemNumArray(415)=415,416,417,418,419,420,421,422,423,424,425,426,427,428,429,430,431,432,  
    34  ElemNumArray(433)=433,434,435,436,437,438,439,440,441,442,443,444,445,446,447,448,449,450,  
    35  ElemNumArray(451)=451,452,453,454,455,456,457,458,459,460,  
    36  *del,elem_output,,NoPr  
    37  *dim,elem_output,array,count_num,11 
    38  *do,i,1,count_num   
    39     num_elem = ElemNumArray(i)   
    40     elem_output(i,1) = num_elem  
    41     *Get,num_mat,Elem,num_elem,Attr,Mat  
    42     *Get,elem_output(i,2),Ex,num_mat ! 弹模
    43     *Get,num_sec,Elem,num_elem,Attr,SecN 
    44     *Get,elem_output(i,3),SecP,num_sec,Prop,Iyy ! Iyy
    45     *Get,elem_output(i,4),SecP,num_sec,Prop,Izz ! Izz
    46     *Get,num_real,Elem,num_elem,Attr,Real
    47     *Get,elem_output(i,5),RCon,num_real,Const,3 ! Iyy
    48     *Get,elem_output(i,6),RCon,num_real,Const,2 ! Izz
    49     *Get,elem_output(i,7),Elem,num_elem,Leng ! 单元长度  
    50     *Get,elem_output(i,8),Elem,num_elem,Smisc,2 ! Myi
    51     *Get,elem_output(i,9),Elem,num_elem,Smisc,3 ! Mzi
    52     *Get,elem_output(i,10),Elem,num_elem,Smisc,15 ! Myj  
    53     *Get,elem_output(i,11),Elem,num_elem,Smisc,16 ! Mzj  
    54  *enddo  
    55  *cfopen,Data_BendingStrainEnergy\Girder_1,txt ! 导出到Data_BendingStrainEnergy\Girder_1.txt文件中 
    56  *vwrite,elem_output(1,1),elem_output(1,2),elem_output(1,3),elem_output(1,4),elem_output(1,5),elem_output(1,6),elem_output(1,7),elem_output(1,8),elem_output(1,9),elem_output(1,10),elem_output(1,11)
    57  %20I%20.8e%20.8e%20.8e%20.8e%20.8e%20.8e%20.8e%20.8e%20.8e%20.8e
    58  *cfclos 
    59      
    60  ! Girder_2  
    61  count_num = 105 
    62  *del,ElemNumArray,,NoPr 
    63  *dim,ElemNumArray,array,105 
    64  ElemNumArray(1)=461,462,463,464,465,466,467,468,469,470,471,472,473,474,475,476,477,478,
    65  ElemNumArray(19)=479,480,481,482,483,484,485,486,487,488,489,490,491,492,493,494,495,496,   
    66  ElemNumArray(37)=497,498,499,500,501,502,503,504,505,506,507,508,509,510,511,512,513,514,   
    67  ElemNumArray(55)=515,516,517,518,519,520,521,522,523,524,525,526,527,528,529,530,531,532,   
    68  ElemNumArray(73)=533,534,535,536,537,538,539,540,541,542,543,544,545,546,547,548,549,550,   
    69  ElemNumArray(91)=551,552,553,554,555,556,557,558,559,560,561,562,563,564,565,   
    70  *del,elem_output,,NoPr  
    71  *dim,elem_output,array,count_num,11 
    72  *do,i,1,count_num   
    73     num_elem = ElemNumArray(i)   
    74     elem_output(i,1) = num_elem  
    75     *Get,num_mat,Elem,num_elem,Attr,Mat  
    76     *Get,elem_output(i,2),Ex,num_mat ! 弹模
    77     *Get,num_sec,Elem,num_elem,Attr,SecN 
    78     *Get,elem_output(i,3),SecP,num_sec,Prop,Iyy ! Iyy
    79     *Get,elem_output(i,4),SecP,num_sec,Prop,Izz ! Izz
    80     *Get,num_real,Elem,num_elem,Attr,Real
    81     *Get,elem_output(i,5),RCon,num_real,Const,3 ! Iyy
    82     *Get,elem_output(i,6),RCon,num_real,Const,2 ! Izz
    83     *Get,elem_output(i,7),Elem,num_elem,Leng ! 单元长度  
    84     *Get,elem_output(i,8),Elem,num_elem,Smisc,2 ! Myi
    85     *Get,elem_output(i,9),Elem,num_elem,Smisc,3 ! Mzi
    86     *Get,elem_output(i,10),Elem,num_elem,Smisc,15 ! Myj  
    87     *Get,elem_output(i,11),Elem,num_elem,Smisc,16 ! Mzj  
    88  *enddo  
    89  *cfopen,Data_BendingStrainEnergy\Girder_2,txt ! 导出到Data_BendingStrainEnergy\Girder_2.txt文件中 
    90  *vwrite,elem_output(1,1),elem_output(1,2),elem_output(1,3),elem_output(1,4),elem_output(1,5),elem_output(1,6),elem_output(1,7),elem_output(1,8),elem_output(1,9),elem_output(1,10),elem_output(1,11)
    91  %20I%20.8e%20.8e%20.8e%20.8e%20.8e%20.8e%20.8e%20.8e%20.8e%20.8e
    92  *cfclos 
    93      
    94  ! Girder_3  
    95  count_num = 105 
    96  *del,ElemNumArray,,NoPr 
    97  *dim,ElemNumArray,array,105 
    98  ElemNumArray(1)=566,567,568,569,570,571,572,573,574,575,576,577,578,579,580,581,582,583,
    99  ElemNumArray(19)=584,585,586,587,588,589,590,591,592,593,594,595,596,597,598,599,600,601,   
   100  ElemNumArray(37)=602,603,604,605,606,607,608,609,610,611,612,613,614,615,616,617,618,619,   
   101  ElemNumArray(55)=620,621,622,623,624,625,626,627,628,629,630,631,632,633,634,635,636,637,   
   102  ElemNumArray(73)=638,639,640,641,642,643,644,645,646,647,648,649,650,651,652,653,654,655,   
   103  ElemNumArray(91)=656,657,658,659,660,661,662,663,664,665,666,667,668,669,670,   
   104  *del,elem_output,,NoPr  
   105  *dim,elem_output,array,count_num,11 
   106  *do,i,1,count_num   
   107     num_elem = ElemNumArray(i)   
   108     elem_output(i,1) = num_elem  
   109     *Get,num_mat,Elem,num_elem,Attr,Mat  
   110     *Get,elem_output(i,2),Ex,num_mat ! 弹模
   111     *Get,num_sec,Elem,num_elem,Attr,SecN 
   112     *Get,elem_output(i,3),SecP,num_sec,Prop,Iyy ! Iyy
   113     *Get,elem_output(i,4),SecP,num_sec,Prop,Izz ! Izz
   114     *Get,num_real,Elem,num_elem,Attr,Real
   115     *Get,elem_output(i,5),RCon,num_real,Const,3 ! Iyy
   116     *Get,elem_output(i,6),RCon,num_real,Const,2 ! Izz
   117     *Get,elem_output(i,7),Elem,num_elem,Leng ! 单元长度  
   118     *Get,elem_output(i,8),Elem,num_elem,Smisc,2 ! Myi
   119     *Get,elem_output(i,9),Elem,num_elem,Smisc,3 ! Mzi
   120     *Get,elem_output(i,10),Elem,num_elem,Smisc,15 ! Myj  
   121     *Get,elem_output(i,11),Elem,num_elem,Smisc,16 ! Mzj  
   122  *enddo  
   123  *cfopen,Data_BendingStrainEnergy\Girder_3,txt ! 导出到Data_BendingStrainEnergy\Girder_3.txt文件中 
   124  *vwrite,elem_output(1,1),elem_output(1,2),elem_output(1,3),elem_output(1,4),elem_output(1,5),elem_output(1,6),elem_output(1,7),elem_output(1,8),elem_output(1,9),elem_output(1,10),elem_output(1,11)
   125  %20I%20.8e%20.8e%20.8e%20.8e%20.8e%20.8e%20.8e%20.8e%20.8e%20.8e
   126  *cfclos 
   127      
   128  ! Girder_4  
   129  count_num = 10  
   130  *del,ElemNumArray,,NoPr 
   131  *dim,ElemNumArray,array,10  
   132  ElemNumArray(1)=671,672,673,674,675,676,677,678,679,680,
   133  *del,elem_output,,NoPr  
   134  *dim,elem_output,array,count_num,11 
   135  *do,i,1,count_num   
   136     num_elem = ElemNumArray(i)   
   137     elem_output(i,1) = num_elem  
   138     *Get,num_mat,Elem,num_elem,Attr,Mat  
   139     *Get,elem_output(i,2),Ex,num_mat ! 弹模
   140     *Get,num_sec,Elem,num_elem,Attr,SecN 
   141     *Get,elem_output(i,3),SecP,num_sec,Prop,Iyy ! Iyy
   142     *Get,elem_output(i,4),SecP,num_sec,Prop,Izz ! Izz
   143     *Get,num_real,Elem,num_elem,Attr,Real
   144     *Get,elem_output(i,5),RCon,num_real,Const,3 ! Iyy
   145     *Get,elem_output(i,6),RCon,num_real,Const,2 ! Izz
   146     *Get,elem_output(i,7),Elem,num_elem,Leng ! 单元长度  
   147     *Get,elem_output(i,8),Elem,num_elem,Smisc,2 ! Myi
   148     *Get,elem_output(i,9),Elem,num_elem,Smisc,3 ! Mzi
   149     *Get,elem_output(i,10),Elem,num_elem,Smisc,15 ! Myj  
   150     *Get,elem_output(i,11),Elem,num_elem,Smisc,16 ! Mzj  
   151  *enddo  
   152  *cfopen,Data_BendingStrainEnergy\Girder_4,txt ! 导出到Data_BendingStrainEnergy\Girder_4.txt文件中 
   153  *vwrite,elem_output(1,1),elem_output(1,2),elem_output(1,3),elem_output(1,4),elem_output(1,5),elem_output(1,6),elem_output(1,7),elem_output(1,8),elem_output(1,9),elem_output(1,10),elem_output(1,11)
   154  %20I%20.8e%20.8e%20.8e%20.8e%20.8e%20.8e%20.8e%20.8e%20.8e%20.8e
   155  *cfclos 
   156      
   157  ! Girder_5  
   158  count_num = 10  
   159  *del,ElemNumArray,,NoPr 
   160  *dim,ElemNumArray,array,10  
   161  ElemNumArray(1)=681,682,683,684,685,686,687,688,689,690,
   162  *del,elem_output,,NoPr  
   163  *dim,elem_output,array,count_num,11 
   164  *do,i,1,count_num   
   165     num_elem = ElemNumArray(i)   
   166     elem_output(i,1) = num_elem  
   167     *Get,num_mat,Elem,num_elem,Attr,Mat  
   168     *Get,elem_output(i,2),Ex,num_mat ! 弹模
   169     *Get,num_sec,Elem,num_elem,Attr,SecN 
   170     *Get,elem_output(i,3),SecP,num_sec,Prop,Iyy ! Iyy
   171     *Get,elem_output(i,4),SecP,num_sec,Prop,Izz ! Izz
   172     *Get,num_real,Elem,num_elem,Attr,Real
   173     *Get,elem_output(i,5),RCon,num_real,Const,3 ! Iyy
   174     *Get,elem_output(i,6),RCon,num_real,Const,2 ! Izz
   175     *Get,elem_output(i,7),Elem,num_elem,Leng ! 单元长度  
   176     *Get,elem_output(i,8),Elem,num_elem,Smisc,2 ! Myi
   177     *Get,elem_output(i,9),Elem,num_elem,Smisc,3 ! Mzi
   178     *Get,elem_output(i,10),Elem,num_elem,Smisc,15 ! Myj  
   179     *Get,elem_output(i,11),Elem,num_elem,Smisc,16 ! Mzj  
   180  *enddo  
   181  *cfopen,Data_BendingStrainEnergy\Girder_5,txt ! 导出到Data_BendingStrainEnergy\Girder_5.txt文件中 
   182  *vwrite,elem_output(1,1),elem_output(1,2),elem_output(1,3),elem_output(1,4),elem_output(1,5),elem_output(1,6),elem_output(1,7),elem_output(1,8),elem_output(1,9),elem_output(1,10),elem_output(1,11)
   183  %20I%20.8e%20.8e%20.8e%20.8e%20.8e%20.8e%20.8e%20.8e%20.8e%20.8e
   184  *cfclos 
   185      
   186  ! Tower_1   
   187  count_num = 125 
   188  *del,ElemNumArray,,NoPr 
   189  *dim,ElemNumArray,array,125 
   190  ElemNumArray(1)=691,692,693,694,695,696,697,698,699,700,701,702,703,704,705,706,707,708,
   191  ElemNumArray(19)=709,710,711,712,713,714,715,716,717,718,719,720,721,722,723,724,725,726,   
   192  ElemNumArray(37)=727,728,729,730,731,732,733,734,735,736,737,738,739,740,741,742,743,744,   
   193  ElemNumArray(55)=745,746,747,748,749,750,751,752,753,754,755,756,757,758,759,760,761,762,   
   194  ElemNumArray(73)=763,764,765,766,767,768,769,770,771,772,773,774,775,776,777,778,779,780,   
   195  ElemNumArray(91)=781,782,783,784,785,786,787,788,789,790,791,792,793,794,795,796,797,798,   
   196  ElemNumArray(109)=799,800,801,802,803,804,805,806,807,808,809,810,811,812,813,814,815,  
   197  *del,elem_output,,NoPr  
   198  *dim,elem_output,array,count_num,11 
   199  *do,i,1,count_num   
   200     num_elem = ElemNumArray(i)   
   201     elem_output(i,1) = num_elem  
   202     *Get,num_mat,Elem,num_elem,Attr,Mat  
   203     *Get,elem_output(i,2),Ex,num_mat ! 弹模
   204     *Get,num_sec,Elem,num_elem,Attr,SecN 
   205     *Get,elem_output(i,3),SecP,num_sec,Prop,Iyy ! Iyy
   206     *Get,elem_output(i,4),SecP,num_sec,Prop,Izz ! Izz
   207     *Get,num_real,Elem,num_elem,Attr,Real
   208     *Get,elem_output(i,5),RCon,num_real,Const,3 ! Iyy
   209     *Get,elem_output(i,6),RCon,num_real,Const,2 ! Izz
   210     *Get,elem_output(i,7),Elem,num_elem,Leng ! 单元长度  
   211     *Get,elem_output(i,8),Elem,num_elem,Smisc,2 ! Myi
   212     *Get,elem_output(i,9),Elem,num_elem,Smisc,3 ! Mzi
   213     *Get,elem_output(i,10),Elem,num_elem,Smisc,15 ! Myj  
   214     *Get,elem_output(i,11),Elem,num_elem,Smisc,16 ! Mzj  
   215  *enddo  
   216  *cfopen,Data_BendingStrainEnergy\Tower_1,txt ! 导出到Data_BendingStrainEnergy\Tower_1.txt文件中   
   217  *vwrite,elem_output(1,1),elem_output(1,2),elem_output(1,3),elem_output(1,4),elem_output(1,5),elem_output(1,6),elem_output(1,7),elem_output(1,8),elem_output(1,9),elem_output(1,10),elem_output(1,11)
   218  %20I%20.8e%20.8e%20.8e%20.8e%20.8e%20.8e%20.8e%20.8e%20.8e%20.8e
   219  *cfclos 
   220      
   221  ! Tower_2   
   222  count_num = 125 
   223  *del,ElemNumArray,,NoPr 
   224  *dim,ElemNumArray,array,125 
   225  ElemNumArray(1)=816,817,818,819,820,821,822,823,824,825,826,827,828,829,830,831,832,833,
   226  ElemNumArray(19)=834,835,836,837,838,839,840,841,842,843,844,845,846,847,848,849,850,851,   
   227  ElemNumArray(37)=852,853,854,855,856,857,858,859,860,861,862,863,864,865,866,867,868,869,   
   228  ElemNumArray(55)=870,871,872,873,874,875,876,877,878,879,880,881,882,883,884,885,886,887,   
   229  ElemNumArray(73)=888,889,890,891,892,893,894,895,896,897,898,899,900,901,902,903,904,905,   
   230  ElemNumArray(91)=906,907,908,909,910,911,912,913,914,915,916,917,918,919,920,921,922,923,   
   231  ElemNumArray(109)=924,925,926,927,928,929,930,931,932,933,934,935,936,937,938,939,940,  
   232  *del,elem_output,,NoPr  
   233  *dim,elem_output,array,count_num,11 
   234  *do,i,1,count_num   
   235     num_elem = ElemNumArray(i)   
   236     elem_output(i,1) = num_elem  
   237     *Get,num_mat,Elem,num_elem,Attr,Mat  
   238     *Get,elem_output(i,2),Ex,num_mat ! 弹模
   239     *Get,num_sec,Elem,num_elem,Attr,SecN 
   240     *Get,elem_output(i,3),SecP,num_sec,Prop,Iyy ! Iyy
   241     *Get,elem_output(i,4),SecP,num_sec,Prop,Izz ! Izz
   242     *Get,num_real,Elem,num_elem,Attr,Real
   243     *Get,elem_output(i,5),RCon,num_real,Const,3 ! Iyy
   244     *Get,elem_output(i,6),RCon,num_real,Const,2 ! Izz
   245     *Get,elem_output(i,7),Elem,num_elem,Leng ! 单元长度  
   246     *Get,elem_output(i,8),Elem,num_elem,Smisc,2 ! Myi
   247     *Get,elem_output(i,9),Elem,num_elem,Smisc,3 ! Mzi
   248     *Get,elem_output(i,10),Elem,num_elem,Smisc,15 ! Myj  
   249     *Get,elem_output(i,11),Elem,num_elem,Smisc,16 ! Mzj  
   250  *enddo  
   251  *cfopen,Data_BendingStrainEnergy\Tower_2,txt ! 导出到Data_BendingStrainEnergy\Tower_2.txt文件中   
   252  *vwrite,elem_output(1,1),elem_output(1,2),elem_output(1,3),elem_output(1,4),elem_output(1,5),elem_output(1,6),elem_output(1,7),elem_output(1,8),elem_output(1,9),elem_output(1,10),elem_output(1,11)
   253  %20I%20.8e%20.8e%20.8e%20.8e%20.8e%20.8e%20.8e%20.8e%20.8e%20.8e
   254  *cfclos 
   255      

 RUN SETUP PROCEDURE FROM FILE= D:\ANSYS 2022 R2\ANSYS Student\v222\ANSYS\apdl\start.ans

 /INPUT FILE= D:\ANSYS 2022 R2\ANSYS Student\v222\ANSYS\apdl\start.ans  LINE=       0

 *** MAPDL - ENGINEERING ANALYSIS SYSTEM  RELEASE 2022 R2          22.2     ***
 Ansys Mechanical Enterprise Academic Student      
 00000000  VERSION=WINDOWS x64   13:07:26  MAR 16, 2023 CP=      0.609

                                                                               



          ***** MAPDL RESULTS INTERPRETATION (POST1) *****

 *** NOTE ***                            CP =       0.609   TIME= 13:07:26
 Reading results into the database (SET command) will update the current 
 displacement and force boundary conditions in the database with the     
 values from the results file for that load set.  Note that any          
 subsequent solutions will use these values unless action is taken to    
 either SAVE the current values or not overwrite them (/EXIT,NOSAVE).    

 RESUME ANSYS DATA FROM FILE NAME=Iter_1.db                                                                                                                                                                                                                                                           

 *** MAPDL GLOBAL STATUS *** 

 TITLE =                                                                       
 ANALYSIS TYPE =  STATIC (STEADY-STATE)
 NUMBER OF ELEMENT TYPES =      4
      1152 ELEMENTS CURRENTLY SELECTED.  MAX ELEMENT NUMBER =        1152
      2303 NODES CURRENTLY SELECTED.     MAX NODE NUMBER =           2303
       403 KEYPOINTS CURRENTLY SELECTED. MAX KEYPOINT NUMBER =        419
       400 LINES CURRENTLY SELECTED.     MAX LINE NUMBER =            400
        66 COMPONENTS CURRENTLY DEFINED
 MAXIMUM LINEAR PROPERTY NUMBER        =       5
 ACTIVE COORDINATE SYSTEM              =       0  (CARTESIAN)  
 MAXIMUM COUPLED D.O.F. SET NUMBER     =       8
 NUMBER OF SPECIFIED CONSTRAINTS       =      22
 NUMBER OF NODAL LOADS                 =     636

 INITIAL JOBNAME = Iter_1
 CURRENT JOBNAME = Iter_1


 USE LOAD STEP     1  SUBSTEP  LAST    FOR LOAD CASE 0 

 SET COMMAND GOT LOAD STEP=     1  SUBSTEP=     1  CUMULATIVE ITERATION=     2
   TIME/FREQUENCY=  1.0000    
 TITLE=                                                                         

 PARAMETER COUNT_NUM =     460.0000000    

 SET PARAMETER DIMENSIONS ON  ELEMNUMARRAY
  TYPE=ARRA  DIMENSIONS=      460        1        1

 PARAMETER ELEMNUMARRAY(1) =     1.000000000      2.000000000      3.000000000    
                          4.000000000      5.000000000      6.000000000    
                          7.000000000      8.000000000      9.000000000    
                          10.00000000      11.00000000      12.00000000    
                          13.00000000      14.00000000      15.00000000    
                          16.00000000      17.00000000      18.00000000    


 PARAMETER ELEMNUMARRAY(19) =     19.00000000      20.00000000      21.00000000    
                          22.00000000      23.00000000      24.00000000    
                          25.00000000      26.00000000      27.00000000    
                          28.00000000      29.00000000      30.00000000    
                          31.00000000      32.00000000      33.00000000    
                          34.00000000      35.00000000      36.00000000    


 PARAMETER ELEMNUMARRAY(37) =     37.00000000      38.00000000      39.00000000    
                          40.00000000      41.00000000      42.00000000    
                          43.00000000      44.00000000      45.00000000    
                          46.00000000      47.00000000      48.00000000    
                          49.00000000      50.00000000      51.00000000    
                          52.00000000      53.00000000      54.00000000    


 PARAMETER ELEMNUMARRAY(55) =     55.00000000      56.00000000      57.00000000    
                          58.00000000      59.00000000      60.00000000    
                          61.00000000      62.00000000      63.00000000    
                          64.00000000      65.00000000      66.00000000    
                          67.00000000      68.00000000      69.00000000    
                          70.00000000      71.00000000      72.00000000    


 PARAMETER ELEMNUMARRAY(73) =     73.00000000      74.00000000      75.00000000    
                          76.00000000      77.00000000      78.00000000    
                          79.00000000      80.00000000      81.00000000    
                          82.00000000      83.00000000      84.00000000    
                          85.00000000      86.00000000      87.00000000    
                          88.00000000      89.00000000      90.00000000    


 PARAMETER ELEMNUMARRAY(91) =     91.00000000      92.00000000      93.00000000    
                          94.00000000      95.00000000      96.00000000    
                          97.00000000      98.00000000      99.00000000    
                          100.0000000      101.0000000      102.0000000    
                          103.0000000      104.0000000      105.0000000    
                          106.0000000      107.0000000      108.0000000    


 PARAMETER ELEMNUMARRAY(109) =     109.0000000      110.0000000      111.0000000    
                          112.0000000      113.0000000      114.0000000    
                          115.0000000      116.0000000      117.0000000    
                          118.0000000      119.0000000      120.0000000    
                          121.0000000      122.0000000      123.0000000    
                          124.0000000      125.0000000      126.0000000    


 PARAMETER ELEMNUMARRAY(127) =     127.0000000      128.0000000      129.0000000    
                          130.0000000      131.0000000      132.0000000    
                          133.0000000      134.0000000      135.0000000    
                          136.0000000      137.0000000      138.0000000    
                          139.0000000      140.0000000      141.0000000    
                          142.0000000      143.0000000      144.0000000    


 PARAMETER ELEMNUMARRAY(145) =     145.0000000      146.0000000      147.0000000    
                          148.0000000      149.0000000      150.0000000    
                          151.0000000      152.0000000      153.0000000    
                          154.0000000      155.0000000      156.0000000    
                          157.0000000      158.0000000      159.0000000    
                          160.0000000      161.0000000      162.0000000    


 PARAMETER ELEMNUMARRAY(163) =     163.0000000      164.0000000      165.0000000    
                          166.0000000      167.0000000      168.0000000    
                          169.0000000      170.0000000      171.0000000    
                          172.0000000      173.0000000      174.0000000    
                          175.0000000      176.0000000      177.0000000    
                          178.0000000      179.0000000      180.0000000    


 PARAMETER ELEMNUMARRAY(181) =     181.0000000      182.0000000      183.0000000    
                          184.0000000      185.0000000      186.0000000    
                          187.0000000      188.0000000      189.0000000    
                          190.0000000      191.0000000      192.0000000    
                          193.0000000      194.0000000      195.0000000    
                          196.0000000      197.0000000      198.0000000    


 PARAMETER ELEMNUMARRAY(199) =     199.0000000      200.0000000      201.0000000    
                          202.0000000      203.0000000      204.0000000    
                          205.0000000      206.0000000      207.0000000    
                          208.0000000      209.0000000      210.0000000    
                          211.0000000      212.0000000      213.0000000    
                          214.0000000      215.0000000      216.0000000    


 PARAMETER ELEMNUMARRAY(217) =     217.0000000      218.0000000      219.0000000    
                          220.0000000      221.0000000      222.0000000    
                          223.0000000      224.0000000      225.0000000    
                          226.0000000      227.0000000      228.0000000    
                          229.0000000      230.0000000      231.0000000    
                          232.0000000      233.0000000      234.0000000    


 PARAMETER ELEMNUMARRAY(235) =     235.0000000      236.0000000      237.0000000    
                          238.0000000      239.0000000      240.0000000    
                          241.0000000      242.0000000      243.0000000    
                          244.0000000      245.0000000      246.0000000    
                          247.0000000      248.0000000      249.0000000    
                          250.0000000      251.0000000      252.0000000    


 PARAMETER ELEMNUMARRAY(253) =     253.0000000      254.0000000      255.0000000    
                          256.0000000      257.0000000      258.0000000    
                          259.0000000      260.0000000      261.0000000    
                          262.0000000      263.0000000      264.0000000    
                          265.0000000      266.0000000      267.0000000    
                          268.0000000      269.0000000      270.0000000    


 PARAMETER ELEMNUMARRAY(271) =     271.0000000      272.0000000      273.0000000    
                          274.0000000      275.0000000      276.0000000    
                          277.0000000      278.0000000      279.0000000    
                          280.0000000      281.0000000      282.0000000    
                          283.0000000      284.0000000      285.0000000    
                          286.0000000      287.0000000      288.0000000    


 PARAMETER ELEMNUMARRAY(289) =     289.0000000      290.0000000      291.0000000    
                          292.0000000      293.0000000      294.0000000    
                          295.0000000      296.0000000      297.0000000    
                          298.0000000      299.0000000      300.0000000    
                          301.0000000      302.0000000      303.0000000    
                          304.0000000      305.0000000      306.0000000    


 PARAMETER ELEMNUMARRAY(307) =     307.0000000      308.0000000      309.0000000    
                          310.0000000      311.0000000      312.0000000    
                          313.0000000      314.0000000      315.0000000    
                          316.0000000      317.0000000      318.0000000    
                          319.0000000      320.0000000      321.0000000    
                          322.0000000      323.0000000      324.0000000    


 PARAMETER ELEMNUMARRAY(325) =     325.0000000      326.0000000      327.0000000    
                          328.0000000      329.0000000      330.0000000    
                          331.0000000      332.0000000      333.0000000    
                          334.0000000      335.0000000      336.0000000    
                          337.0000000      338.0000000      339.0000000    
                          340.0000000      341.0000000      342.0000000    


 PARAMETER ELEMNUMARRAY(343) =     343.0000000      344.0000000      345.0000000    
                          346.0000000      347.0000000      348.0000000    
                          349.0000000      350.0000000      351.0000000    
                          352.0000000      353.0000000      354.0000000    
                          355.0000000      356.0000000      357.0000000    
                          358.0000000      359.0000000      360.0000000    


 PARAMETER ELEMNUMARRAY(361) =     361.0000000      362.0000000      363.0000000    
                          364.0000000      365.0000000      366.0000000    
                          367.0000000      368.0000000      369.0000000    
                          370.0000000      371.0000000      372.0000000    
                          373.0000000      374.0000000      375.0000000    
                          376.0000000      377.0000000      378.0000000    


 PARAMETER ELEMNUMARRAY(379) =     379.0000000      380.0000000      381.0000000    
                          382.0000000      383.0000000      384.0000000    
                          385.0000000      386.0000000      387.0000000    
                          388.0000000      389.0000000      390.0000000    
                          391.0000000      392.0000000      393.0000000    
                          394.0000000      395.0000000      396.0000000    


 PARAMETER ELEMNUMARRAY(397) =     397.0000000      398.0000000      399.0000000    
                          400.0000000      401.0000000      402.0000000    
                          403.0000000      404.0000000      405.0000000    
                          406.0000000      407.0000000      408.0000000    
                          409.0000000      410.0000000      411.0000000    
                          412.0000000      413.0000000      414.0000000    


 PARAMETER ELEMNUMARRAY(415) =     415.0000000      416.0000000      417.0000000    
                          418.0000000      419.0000000      420.0000000    
                          421.0000000      422.0000000      423.0000000    
                          424.0000000      425.0000000      426.0000000    
                          427.0000000      428.0000000      429.0000000    
                          430.0000000      431.0000000      432.0000000    


 PARAMETER ELEMNUMARRAY(433) =     433.0000000      434.0000000      435.0000000    
                          436.0000000      437.0000000      438.0000000    
                          439.0000000      440.0000000      441.0000000    
                          442.0000000      443.0000000      444.0000000    
                          445.0000000      446.0000000      447.0000000    
                          448.0000000      449.0000000      450.0000000    


 PARAMETER ELEMNUMARRAY(451) =     451.0000000      452.0000000      453.0000000    
                          454.0000000      455.0000000      456.0000000    
                          457.0000000      458.0000000      459.0000000    
                          460.0000000    

 SET PARAMETER DIMENSIONS ON  ELEM_OUTPUT
  TYPE=ARRA  DIMENSIONS=      460       11        1

 *DO LOOP ON PARAMETER= I FROM  1.0000     TO  460.00     BY  1.0000    

 PARAMETER NUM_ELEM =     1.000000000    

 PARAMETER ELEM_OUTPUT(I,1) =     1.000000000    

 *GET  NUM_MAT   FROM  ELEM         1  ITEM=ATTR MAT       VALUE=  1.00000000    

 *GET  ELEM_OUTPUT  FROM  EX   FOR MATERIAL     1  TEMPERATURE=  0.00000000    
  VALUE= 0.205000000E+12

 *GET  NUM_SEC   FROM  ELEM         1  ITEM=ATTR SECN      VALUE=  1.00000000    

 *GET  ELEM_OUTPUT  FROM SECTION NUM_ PROP IYY    VALUE=   190.182700    

 *GET  ELEM_OUTPUT  FROM SECTION NUM_ PROP IZZ    VALUE=   193.000000    

 *GET  NUM_REAL  FROM  ELEM         1  ITEM=ATTR REAL      VALUE=  1.00000000    

 *GET  ELEM_OUTPUT  FROM  RCON      1  ITEM=CONS 3     VALUE= 0.788860905E-30

 *GET  ELEM_OUTPUT  FROM  RCON      1  ITEM=CONS 2     VALUE= 0.788860905E-30

 *GET  ELEM_OUTPUT  FROM  ELEM         1  ITEM=LENG           VALUE=  1.50000000    

 *GET  ELEM_OUTPUT  FROM  ELEM         1  ITEM=SMIS 2         VALUE=-0.159549850E+10

 *GET  ELEM_OUTPUT  FROM  ELEM         1  ITEM=SMIS 3         VALUE=-0.319001947E-05

 *GET  ELEM_OUTPUT  FROM  ELEM         1  ITEM=SMIS 15        VALUE=-0.159598656E+10

 *GET  ELEM_OUTPUT  FROM  ELEM         1  ITEM=SMIS 16        VALUE=-0.316829755E-05

 *ENDDO  INDEX= I                               

 OPENED FILE= Data_BendingStrainEnergy\Girder_1.txt FOR COMMAND FILE DATA 


  COMMAND FILE CLOSED 


 PARAMETER COUNT_NUM =     105.0000000    

 SET PARAMETER DIMENSIONS ON  ELEMNUMARRAY
  TYPE=ARRA  DIMENSIONS=      105        1        1

 PARAMETER ELEMNUMARRAY(1) =     461.0000000      462.0000000      463.0000000    
                          464.0000000      465.0000000      466.0000000    
                          467.0000000      468.0000000      469.0000000    
                          470.0000000      471.0000000      472.0000000    
                          473.0000000      474.0000000      475.0000000    
                          476.0000000      477.0000000      478.0000000    


 PARAMETER ELEMNUMARRAY(19) =     479.0000000      480.0000000      481.0000000    
                          482.0000000      483.0000000      484.0000000    
                          485.0000000      486.0000000      487.0000000    
                          488.0000000      489.0000000      490.0000000    
                          491.0000000      492.0000000      493.0000000    
                          494.0000000      495.0000000      496.0000000    


 PARAMETER ELEMNUMARRAY(37) =     497.0000000      498.0000000      499.0000000    
                          500.0000000      501.0000000      502.0000000    
                          503.0000000      504.0000000      505.0000000    
                          506.0000000      507.0000000      508.0000000    
                          509.0000000      510.0000000      511.0000000    
                          512.0000000      513.0000000      514.0000000    


 PARAMETER ELEMNUMARRAY(55) =     515.0000000      516.0000000      517.0000000    
                          518.0000000      519.0000000      520.0000000    
                          521.0000000      522.0000000      523.0000000    
                          524.0000000      525.0000000      526.0000000    
                          527.0000000      528.0000000      529.0000000    
                          530.0000000      531.0000000      532.0000000    


 PARAMETER ELEMNUMARRAY(73) =     533.0000000      534.0000000      535.0000000    
                          536.0000000      537.0000000      538.0000000    
                          539.0000000      540.0000000      541.0000000    
                          542.0000000      543.0000000      544.0000000    
                          545.0000000      546.0000000      547.0000000    
                          548.0000000      549.0000000      550.0000000    


 PARAMETER ELEMNUMARRAY(91) =     551.0000000      552.0000000      553.0000000    
                          554.0000000      555.0000000      556.0000000    
                          557.0000000      558.0000000      559.0000000    
                          560.0000000      561.0000000      562.0000000    
                          563.0000000      564.0000000      565.0000000    


 SET PARAMETER DIMENSIONS ON  ELEM_OUTPUT
  TYPE=ARRA  DIMENSIONS=      105       11        1

 *DO LOOP ON PARAMETER= I FROM  1.0000     TO  105.00     BY  1.0000    

 PARAMETER NUM_ELEM =     461.0000000    

 PARAMETER ELEM_OUTPUT(I,1) =     461.0000000    

 *GET  NUM_MAT   FROM  ELEM       461  ITEM=ATTR MAT       VALUE=  1.00000000    

 *GET  ELEM_OUTPUT  FROM  EX   FOR MATERIAL     1  TEMPERATURE=  0.00000000    
  VALUE= 0.205000000E+12

 *GET  NUM_SEC   FROM  ELEM       461  ITEM=ATTR SECN      VALUE=  1.00000000    

 *GET  ELEM_OUTPUT  FROM SECTION NUM_ PROP IYY    VALUE=   190.182700    

 *GET  ELEM_OUTPUT  FROM SECTION NUM_ PROP IZZ    VALUE=   193.000000    

 *GET  NUM_REAL  FROM  ELEM       461  ITEM=ATTR REAL      VALUE=  1.00000000    

 *GET  ELEM_OUTPUT  FROM  RCON      1  ITEM=CONS 3     VALUE= 0.788860905E-30

 *GET  ELEM_OUTPUT  FROM  RCON      1  ITEM=CONS 2     VALUE= 0.788860905E-30

 *GET  ELEM_OUTPUT  FROM  ELEM       461  ITEM=LENG           VALUE=  1.50000000    

 *GET  ELEM_OUTPUT  FROM  ELEM       461  ITEM=SMIS 2         VALUE=  325858912.    

 *GET  ELEM_OUTPUT  FROM  ELEM       461  ITEM=SMIS 3         VALUE=-0.485577971E-06

 *GET  ELEM_OUTPUT  FROM  ELEM       461  ITEM=SMIS 15        VALUE=  348136384.    

 *GET  ELEM_OUTPUT  FROM  ELEM       461  ITEM=SMIS 16        VALUE=-0.511498456E-06

 *ENDDO  INDEX= I                               

 OPENED FILE= Data_BendingStrainEnergy\Girder_2.txt FOR COMMAND FILE DATA 


  COMMAND FILE CLOSED 


 PARAMETER COUNT_NUM =     105.0000000    

 SET PARAMETER DIMENSIONS ON  ELEMNUMARRAY
  TYPE=ARRA  DIMENSIONS=      105        1        1

 PARAMETER ELEMNUMARRAY(1) =     566.0000000      567.0000000      568.0000000    
                          569.0000000      570.0000000      571.0000000    
                          572.0000000      573.0000000      574.0000000    
                          575.0000000      576.0000000      577.0000000    
                          578.0000000      579.0000000      580.0000000    
                          581.0000000      582.0000000      583.0000000    


 PARAMETER ELEMNUMARRAY(19) =     584.0000000      585.0000000      586.0000000    
                          587.0000000      588.0000000      589.0000000    
                          590.0000000      591.0000000      592.0000000    
                          593.0000000      594.0000000      595.0000000    
                          596.0000000      597.0000000      598.0000000    
                          599.0000000      600.0000000      601.0000000    


 PARAMETER ELEMNUMARRAY(37) =     602.0000000      603.0000000      604.0000000    
                          605.0000000      606.0000000      607.0000000    
                          608.0000000      609.0000000      610.0000000    
                          611.0000000      612.0000000      613.0000000    
                          614.0000000      615.0000000      616.0000000    
                          617.0000000      618.0000000      619.0000000    


 PARAMETER ELEMNUMARRAY(55) =     620.0000000      621.0000000      622.0000000    
                          623.0000000      624.0000000      625.0000000    
                          626.0000000      627.0000000      628.0000000    
                          629.0000000      630.0000000      631.0000000    
                          632.0000000      633.0000000      634.0000000    
                          635.0000000      636.0000000      637.0000000    


 PARAMETER ELEMNUMARRAY(73) =     638.0000000      639.0000000      640.0000000    
                          641.0000000      642.0000000      643.0000000    
                          644.0000000      645.0000000      646.0000000    
                          647.0000000      648.0000000      649.0000000    
                          650.0000000      651.0000000      652.0000000    
                          653.0000000      654.0000000      655.0000000    


 PARAMETER ELEMNUMARRAY(91) =     656.0000000      657.0000000      658.0000000    
                          659.0000000      660.0000000      661.0000000    
                          662.0000000      663.0000000      664.0000000    
                          665.0000000      666.0000000      667.0000000    
                          668.0000000      669.0000000      670.0000000    


 SET PARAMETER DIMENSIONS ON  ELEM_OUTPUT
  TYPE=ARRA  DIMENSIONS=      105       11        1

 *DO LOOP ON PARAMETER= I FROM  1.0000     TO  105.00     BY  1.0000    

 PARAMETER NUM_ELEM =     566.0000000    

 PARAMETER ELEM_OUTPUT(I,1) =     566.0000000    

 *GET  NUM_MAT   FROM  ELEM       566  ITEM=ATTR MAT       VALUE=  1.00000000    

 *GET  ELEM_OUTPUT  FROM  EX   FOR MATERIAL     1  TEMPERATURE=  0.00000000    
  VALUE= 0.205000000E+12

 *GET  NUM_SEC   FROM  ELEM       566  ITEM=ATTR SECN      VALUE=  1.00000000    

 *GET  ELEM_OUTPUT  FROM SECTION NUM_ PROP IYY    VALUE=   190.182700    

 *GET  ELEM_OUTPUT  FROM SECTION NUM_ PROP IZZ    VALUE=   193.000000    

 *GET  NUM_REAL  FROM  ELEM       566  ITEM=ATTR REAL      VALUE=  1.00000000    

 *GET  ELEM_OUTPUT  FROM  RCON      1  ITEM=CONS 3     VALUE= 0.788860905E-30

 *GET  ELEM_OUTPUT  FROM  RCON      1  ITEM=CONS 2     VALUE= 0.788860905E-30

 *GET  ELEM_OUTPUT  FROM  ELEM       566  ITEM=LENG           VALUE=  1.50000000    

 *GET  ELEM_OUTPUT  FROM  ELEM       566  ITEM=SMIS 2         VALUE=-0.159549850E+10

 *GET  ELEM_OUTPUT  FROM  ELEM       566  ITEM=SMIS 3         VALUE= 0.429259217E-05

 *GET  ELEM_OUTPUT  FROM  ELEM       566  ITEM=SMIS 15        VALUE=-0.157677146E+10

 *GET  ELEM_OUTPUT  FROM  ELEM       566  ITEM=SMIS 16        VALUE= 0.425714279E-05

 *ENDDO  INDEX= I                               

 OPENED FILE= Data_BendingStrainEnergy\Girder_3.txt FOR COMMAND FILE DATA 


  COMMAND FILE CLOSED 


 PARAMETER COUNT_NUM =     10.00000000    

 SET PARAMETER DIMENSIONS ON  ELEMNUMARRAY
  TYPE=ARRA  DIMENSIONS=       10        1        1

 PARAMETER ELEMNUMARRAY(1) =     671.0000000      672.0000000      673.0000000    
                          674.0000000      675.0000000      676.0000000    
                          677.0000000      678.0000000      679.0000000    
                          680.0000000    

 SET PARAMETER DIMENSIONS ON  ELEM_OUTPUT
  TYPE=ARRA  DIMENSIONS=       10       11        1

 *DO LOOP ON PARAMETER= I FROM  1.0000     TO  10.000     BY  1.0000    

 PARAMETER NUM_ELEM =     671.0000000    

 PARAMETER ELEM_OUTPUT(I,1) =     671.0000000    

 *GET  NUM_MAT   FROM  ELEM       671  ITEM=ATTR MAT       VALUE=  2.00000000    

 *GET  ELEM_OUTPUT  FROM  EX   FOR MATERIAL     2  TEMPERATURE=  0.00000000    
  VALUE= 0.360000000E+11

 *GET  NUM_SEC   FROM  ELEM       671  ITEM=ATTR SECN      VALUE=  2.00000000    

 *GET  ELEM_OUTPUT  FROM SECTION NUM_ PROP IYY    VALUE=   1900.18300    

 *GET  ELEM_OUTPUT  FROM SECTION NUM_ PROP IZZ    VALUE=   1930.00000    

 *GET  NUM_REAL  FROM  ELEM       671  ITEM=ATTR REAL      VALUE=  1.00000000    

 *GET  ELEM_OUTPUT  FROM  RCON      1  ITEM=CONS 3     VALUE= 0.788860905E-30

 *GET  ELEM_OUTPUT  FROM  RCON      1  ITEM=CONS 2     VALUE= 0.788860905E-30

 *GET  ELEM_OUTPUT  FROM  ELEM       671  ITEM=LENG           VALUE=  4.00000000    

 *GET  ELEM_OUTPUT  FROM  ELEM       671  ITEM=SMIS 2         VALUE= -678273.438    

 *GET  ELEM_OUTPUT  FROM  ELEM       671  ITEM=SMIS 3         VALUE= 0.109566412E-15

 *GET  ELEM_OUTPUT  FROM  ELEM       671  ITEM=SMIS 15        VALUE=  28653264.0    

 *GET  ELEM_OUTPUT  FROM  ELEM       671  ITEM=SMIS 16        VALUE=-0.681716728E-07

 *ENDDO  INDEX= I                               

 OPENED FILE= Data_BendingStrainEnergy\Girder_4.txt FOR COMMAND FILE DATA 


  COMMAND FILE CLOSED 


 PARAMETER COUNT_NUM =     10.00000000    

 SET PARAMETER DIMENSIONS ON  ELEMNUMARRAY
  TYPE=ARRA  DIMENSIONS=       10        1        1

 PARAMETER ELEMNUMARRAY(1) =     681.0000000      682.0000000      683.0000000    
                          684.0000000      685.0000000      686.0000000    
                          687.0000000      688.0000000      689.0000000    
                          690.0000000    

 SET PARAMETER DIMENSIONS ON  ELEM_OUTPUT
  TYPE=ARRA  DIMENSIONS=       10       11        1

 *DO LOOP ON PARAMETER= I FROM  1.0000     TO  10.000     BY  1.0000    

 PARAMETER NUM_ELEM =     681.0000000    

 PARAMETER ELEM_OUTPUT(I,1) =     681.0000000    

 *GET  NUM_MAT   FROM  ELEM       681  ITEM=ATTR MAT       VALUE=  2.00000000    

 *GET  ELEM_OUTPUT  FROM  EX   FOR MATERIAL     2  TEMPERATURE=  0.00000000    
  VALUE= 0.360000000E+11

 *GET  NUM_SEC   FROM  ELEM       681  ITEM=ATTR SECN      VALUE=  2.00000000    

 *GET  ELEM_OUTPUT  FROM SECTION NUM_ PROP IYY    VALUE=   1900.18300    

 *GET  ELEM_OUTPUT  FROM SECTION NUM_ PROP IZZ    VALUE=   1930.00000    

 *GET  NUM_REAL  FROM  ELEM       681  ITEM=ATTR REAL      VALUE=  1.00000000    

 *GET  ELEM_OUTPUT  FROM  RCON      1  ITEM=CONS 3     VALUE= 0.788860905E-30

 *GET  ELEM_OUTPUT  FROM  RCON      1  ITEM=CONS 2     VALUE= 0.788860905E-30

 *GET  ELEM_OUTPUT  FROM  ELEM       681  ITEM=LENG           VALUE=  1.50000000    

 *GET  ELEM_OUTPUT  FROM  ELEM       681  ITEM=SMIS 2         VALUE=  365934272.    

 *GET  ELEM_OUTPUT  FROM  ELEM       681  ITEM=SMIS 3         VALUE= 0.566242932E-06

 *GET  ELEM_OUTPUT  FROM  ELEM       681  ITEM=SMIS 15        VALUE=  336049280.    

 *GET  ELEM_OUTPUT  FROM  ELEM       681  ITEM=SMIS 16        VALUE= 0.535356889E-06

 *ENDDO  INDEX= I                               

 OPENED FILE= Data_BendingStrainEnergy\Girder_5.txt FOR COMMAND FILE DATA 


  COMMAND FILE CLOSED 


 PARAMETER COUNT_NUM =     125.0000000    

 SET PARAMETER DIMENSIONS ON  ELEMNUMARRAY
  TYPE=ARRA  DIMENSIONS=      125        1        1

 PARAMETER ELEMNUMARRAY(1) =     691.0000000      692.0000000      693.0000000    
                          694.0000000      695.0000000      696.0000000    
                          697.0000000      698.0000000      699.0000000    
                          700.0000000      701.0000000      702.0000000    
                          703.0000000      704.0000000      705.0000000    
                          706.0000000      707.0000000      708.0000000    


 PARAMETER ELEMNUMARRAY(19) =     709.0000000      710.0000000      711.0000000    
                          712.0000000      713.0000000      714.0000000    
                          715.0000000      716.0000000      717.0000000    
                          718.0000000      719.0000000      720.0000000    
                          721.0000000      722.0000000      723.0000000    
                          724.0000000      725.0000000      726.0000000    


 PARAMETER ELEMNUMARRAY(37) =     727.0000000      728.0000000      729.0000000    
                          730.0000000      731.0000000      732.0000000    
                          733.0000000      734.0000000      735.0000000    
                          736.0000000      737.0000000      738.0000000    
                          739.0000000      740.0000000      741.0000000    
                          742.0000000      743.0000000      744.0000000    


 PARAMETER ELEMNUMARRAY(55) =     745.0000000      746.0000000      747.0000000    
                          748.0000000      749.0000000      750.0000000    
                          751.0000000      752.0000000      753.0000000    
                          754.0000000      755.0000000      756.0000000    
                          757.0000000      758.0000000      759.0000000    
                          760.0000000      761.0000000      762.0000000    


 PARAMETER ELEMNUMARRAY(73) =     763.0000000      764.0000000      765.0000000    
                          766.0000000      767.0000000      768.0000000    
                          769.0000000      770.0000000      771.0000000    
                          772.0000000      773.0000000      774.0000000    
                          775.0000000      776.0000000      777.0000000    
                          778.0000000      779.0000000      780.0000000    


 PARAMETER ELEMNUMARRAY(91) =     781.0000000      782.0000000      783.0000000    
                          784.0000000      785.0000000      786.0000000    
                          787.0000000      788.0000000      789.0000000    
                          790.0000000      791.0000000      792.0000000    
                          793.0000000      794.0000000      795.0000000    
                          796.0000000      797.0000000      798.0000000    


 PARAMETER ELEMNUMARRAY(109) =     799.0000000      800.0000000      801.0000000    
                          802.0000000      803.0000000      804.0000000    
                          805.0000000      806.0000000      807.0000000    
                          808.0000000      809.0000000      810.0000000    
                          811.0000000      812.0000000      813.0000000    
                          814.0000000      815.0000000    

 SET PARAMETER DIMENSIONS ON  ELEM_OUTPUT
  TYPE=ARRA  DIMENSIONS=      125       11        1

 *DO LOOP ON PARAMETER= I FROM  1.0000     TO  125.00     BY  1.0000    

 PARAMETER NUM_ELEM =     691.0000000    

 PARAMETER ELEM_OUTPUT(I,1) =     691.0000000    

 *GET  NUM_MAT   FROM  ELEM       691  ITEM=ATTR MAT       VALUE=  3.00000000    

 *GET  ELEM_OUTPUT  FROM  EX   FOR MATERIAL     3  TEMPERATURE=  0.00000000    
  VALUE= 0.360000000E+11

 *GET  NUM_SEC   FROM  ELEM       691  ITEM=ATTR SECN      VALUE=  3.00000000    

 *GET  ELEM_OUTPUT  FROM SECTION NUM_ PROP IYY    VALUE=   148.000000    

 *GET  ELEM_OUTPUT  FROM SECTION NUM_ PROP IZZ    VALUE=   148.000000    

 *GET  NUM_REAL  FROM  ELEM       691  ITEM=ATTR REAL      VALUE=  1.00000000    

 *GET  ELEM_OUTPUT  FROM  RCON      1  ITEM=CONS 3     VALUE= 0.788860905E-30

 *GET  ELEM_OUTPUT  FROM  RCON      1  ITEM=CONS 2     VALUE= 0.788860905E-30

 *GET  ELEM_OUTPUT  FROM  ELEM       691  ITEM=LENG           VALUE= 0.400000000    

 *GET  ELEM_OUTPUT  FROM  ELEM       691  ITEM=SMIS 2         VALUE= -320309632.    

 *GET  ELEM_OUTPUT  FROM  ELEM       691  ITEM=SMIS 3         VALUE=-0.549146648E-07

 *GET  ELEM_OUTPUT  FROM  ELEM       691  ITEM=SMIS 15        VALUE= -329157792.    

 *GET  ELEM_OUTPUT  FROM  ELEM       691  ITEM=SMIS 16        VALUE=-0.560515510E-07

 *ENDDO  INDEX= I                               

 OPENED FILE= Data_BendingStrainEnergy\Tower_1.txt FOR COMMAND FILE DATA 


  COMMAND FILE CLOSED 


 PARAMETER COUNT_NUM =     125.0000000    

 SET PARAMETER DIMENSIONS ON  ELEMNUMARRAY
  TYPE=ARRA  DIMENSIONS=      125        1        1

 PARAMETER ELEMNUMARRAY(1) =     816.0000000      817.0000000      818.0000000    
                          819.0000000      820.0000000      821.0000000    
                          822.0000000      823.0000000      824.0000000    
                          825.0000000      826.0000000      827.0000000    
                          828.0000000      829.0000000      830.0000000    
                          831.0000000      832.0000000      833.0000000    


 PARAMETER ELEMNUMARRAY(19) =     834.0000000      835.0000000      836.0000000    
                          837.0000000      838.0000000      839.0000000    
                          840.0000000      841.0000000      842.0000000    
                          843.0000000      844.0000000      845.0000000    
                          846.0000000      847.0000000      848.0000000    
                          849.0000000      850.0000000      851.0000000    


 PARAMETER ELEMNUMARRAY(37) =     852.0000000      853.0000000      854.0000000    
                          855.0000000      856.0000000      857.0000000    
                          858.0000000      859.0000000      860.0000000    
                          861.0000000      862.0000000      863.0000000    
                          864.0000000      865.0000000      866.0000000    
                          867.0000000      868.0000000      869.0000000    


 PARAMETER ELEMNUMARRAY(55) =     870.0000000      871.0000000      872.0000000    
                          873.0000000      874.0000000      875.0000000    
                          876.0000000      877.0000000      878.0000000    
                          879.0000000      880.0000000      881.0000000    
                          882.0000000      883.0000000      884.0000000    
                          885.0000000      886.0000000      887.0000000    


 PARAMETER ELEMNUMARRAY(73) =     888.0000000      889.0000000      890.0000000    
                          891.0000000      892.0000000      893.0000000    
                          894.0000000      895.0000000      896.0000000    
                          897.0000000      898.0000000      899.0000000    
                          900.0000000      901.0000000      902.0000000    
                          903.0000000      904.0000000      905.0000000    


 PARAMETER ELEMNUMARRAY(91) =     906.0000000      907.0000000      908.0000000    
                          909.0000000      910.0000000      911.0000000    
                          912.0000000      913.0000000      914.0000000    
                          915.0000000      916.0000000      917.0000000    
                          918.0000000      919.0000000      920.0000000    
                          921.0000000      922.0000000      923.0000000    


 PARAMETER ELEMNUMARRAY(109) =     924.0000000      925.0000000      926.0000000    
                          927.0000000      928.0000000      929.0000000    
                          930.0000000      931.0000000      932.0000000    
                          933.0000000      934.0000000      935.0000000    
                          936.0000000      937.0000000      938.0000000    
                          939.0000000      940.0000000    

 SET PARAMETER DIMENSIONS ON  ELEM_OUTPUT
  TYPE=ARRA  DIMENSIONS=      125       11        1

 *DO LOOP ON PARAMETER= I FROM  1.0000     TO  125.00     BY  1.0000    

 PARAMETER NUM_ELEM =     816.0000000    

 PARAMETER ELEM_OUTPUT(I,1) =     816.0000000    

 *GET  NUM_MAT   FROM  ELEM       816  ITEM=ATTR MAT       VALUE=  3.00000000    

 *GET  ELEM_OUTPUT  FROM  EX   FOR MATERIAL     3  TEMPERATURE=  0.00000000    
  VALUE= 0.360000000E+11

 *GET  NUM_SEC   FROM  ELEM       816  ITEM=ATTR SECN      VALUE=  3.00000000    

 *GET  ELEM_OUTPUT  FROM SECTION NUM_ PROP IYY    VALUE=   148.000000    

 *GET  ELEM_OUTPUT  FROM SECTION NUM_ PROP IZZ    VALUE=   148.000000    

 *GET  NUM_REAL  FROM  ELEM       816  ITEM=ATTR REAL      VALUE=  1.00000000    

 *GET  ELEM_OUTPUT  FROM  RCON      1  ITEM=CONS 3     VALUE= 0.788860905E-30

 *GET  ELEM_OUTPUT  FROM  RCON      1  ITEM=CONS 2     VALUE= 0.788860905E-30

 *GET  ELEM_OUTPUT  FROM  ELEM       816  ITEM=LENG           VALUE= 0.400000000    

 *GET  ELEM_OUTPUT  FROM  ELEM       816  ITEM=SMIS 2         VALUE=  320309632.    

 *GET  ELEM_OUTPUT  FROM  ELEM       816  ITEM=SMIS 3         VALUE=-0.152707514E-05

 *GET  ELEM_OUTPUT  FROM  ELEM       816  ITEM=SMIS 15        VALUE=  329157792.    

 *GET  ELEM_OUTPUT  FROM  ELEM       816  ITEM=SMIS 16        VALUE=-0.154340410E-05

 *ENDDO  INDEX= I                               

 OPENED FILE= Data_BendingStrainEnergy\Tower_2.txt FOR COMMAND FILE DATA 


  COMMAND FILE CLOSED 


 ***** END OF INPUT ENCOUNTERED *****


 NUMBER OF WARNING MESSAGES ENCOUNTERED=          0
 NUMBER OF ERROR   MESSAGES ENCOUNTERED=          0



 ***** PROBLEM TERMINATED BY INDICATED ERROR(S) OR BY END OF INPUT DATA *****

+--------------------- M A P D L   S T A T I S T I C S ------------------------+

Release: 2022 R2            Build: 22.2       Update: UP20220516   Platform: WINDOWS x64 
Date Run: 03/16/2023   Time: 13:07     Process ID: 58372
Operating System: Windows 10  (Build: 19044)

Processor Model: Intel(R) Core(TM) i5-10210U CPU @ 1.60GHz

Compiler: Intel(R) Fortran Compiler Version 19.0.5  (Build: 20190815)
          Intel(R) C/C++ Compiler Version 19.0.5  (Build: 20190815)
          Intel(R) Math Kernel Library Version 2020.0.0 Product Build 20191125
          BLAS Library supplied by Intel(R) MKL

Number of machines requested            :    1
Total number of cores available         :    8
Number of physical cores available      :    4
Number of processes requested           :    4
Number of threads per process requested :    1
Total number of cores requested         :    4 (Distributed Memory Parallel)               
MPI Type: INTELMPI
MPI Version: Intel(R) MPI Library 2021.5 for Windows* OS


GPU Acceleration: Not Requested

Job Name: Iter_1_0
Input File: defPostProcessing.mac

  Core                Machine Name   Working Directory
 -----------------------------------------------------
     0                       Helio   C:\Users\Huawei\Desktop\Matlab OOP\Susp\Susp V.4\Bridge\@CableStayedSuspension_Bridge\Output Files\findReasonalState\Iter_1
     1                       Helio   C:\Users\Huawei\Desktop\Matlab OOP\Susp\Susp V.4\Bridge\@CableStayedSuspension_Bridge\Output Files\findReasonalState\Iter_1
     2                       Helio   C:\Users\Huawei\Desktop\Matlab OOP\Susp\Susp V.4\Bridge\@CableStayedSuspension_Bridge\Output Files\findReasonalState\Iter_1
     3                       Helio   C:\Users\Huawei\Desktop\Matlab OOP\Susp\Susp V.4\Bridge\@CableStayedSuspension_Bridge\Output Files\findReasonalState\Iter_1
 
Latency time from master to core     1 =    6.791 microseconds
Latency time from master to core     2 =    7.735 microseconds
Latency time from master to core     3 =   12.347 microseconds
 
Communication speed from master to core     1 =  2443.27 MB/sec
Communication speed from master to core     2 =  2785.36 MB/sec
Communication speed from master to core     3 =  2692.13 MB/sec

Total CPU time for main thread                    :        1.4 seconds
Total CPU time summed for all threads             :        1.1 seconds

Elapsed time spent obtaining a license            :        1.7 seconds
Elapsed time spent pre-processing model (/PREP7)  :        0.0 seconds
Elapsed time spent solution - preprocessing       :        0.0 seconds
Elapsed time spent computing solution             :        0.0 seconds
Elapsed time spent solution - postprocessing      :        0.0 seconds
Elapsed time spent post-processing model (/POST1) :        0.0 seconds
 

Sum of memory used on all processes               :       30.0 MB
Sum of memory allocated on all processes          :     5184.0 MB
Physical memory available                         :          8 GB

Total amount of I/O written to disk               :        0.0 GB
Total amount of I/O read from disk                :        0.0 GB

+------------------ E N D   M A P D L   S T A T I S T I C S -------------------+


 *---------------------------------------------------------------------------*
 |                                                                           |
 |                               RUN COMPLETED                               |
 |                                                                           |
 |---------------------------------------------------------------------------|
 |                                                                           |
 |  Ansys MAPDL 2022 R2         Build 22.2         UP20220516    WINDOWS x64 |
 |                                                                           |
 |---------------------------------------------------------------------------|
 |                                                                           |
 | Database Requested(-db)  1024 MB    Scratch Memory Requested      1024 MB |
 | Maximum Database Used       7 MB    Maximum Scratch Memory Used      8 MB |
 |                                                                           |
 |---------------------------------------------------------------------------|
 |                                                                           |
 |        CP Time      (sec) =          1.125       Time  =  13:07:27        |
 |        Elapsed Time (sec) =          4.000       Date  =  03/16/2023      |
 |                                                                           |
 *---------------------------------------------------------------------------*
